<?xml version="1.0" encoding="UTF-8"?>
<coverage generated="1773188517106" clover="3.2.0">
  <project timestamp="1773188517107" name="All files">
    <metrics statements="411" coveredstatements="395" conditionals="72" coveredconditionals="65" methods="71" coveredmethods="70" elements="554" coveredelements="530" complexity="0" loc="411" ncloc="411" packages="9" files="31" classes="31"/>
    <package name="src">
      <metrics statements="17" coveredstatements="16" conditionals="2" coveredconditionals="1" methods="0" coveredmethods="0"/>
      <file name="api.js" path="/home/rjmm/Documentos/proyectos/inventario/inventario_be_express/src/api.js">
        <metrics statements="9" coveredstatements="9" conditionals="0" coveredconditionals="0" methods="0" coveredmethods="0"/>
        <line num="1" count="4" type="stmt"/>
        <line num="2" count="4" type="stmt"/>
        <line num="3" count="4" type="stmt"/>
        <line num="4" count="4" type="stmt"/>
        <line num="6" count="4" type="stmt"/>
        <line num="11" count="4" type="stmt"/>
        <line num="25" count="4" type="stmt"/>
        <line num="27" count="4" type="stmt"/>
        <line num="29" count="4" type="stmt"/>
      </file>
      <file name="config.js" path="/home/rjmm/Documentos/proyectos/inventario/inventario_be_express/src/config.js">
        <metrics statements="8" coveredstatements="7" conditionals="2" coveredconditionals="1" methods="0" coveredmethods="0"/>
        <line num="1" count="25" type="stmt"/>
        <line num="2" count="25" type="stmt"/>
        <line num="3" count="25" type="stmt"/>
        <line num="4" count="25" type="stmt"/>
        <line num="6" count="25" type="stmt"/>
        <line num="8" count="25" type="cond" truecount="1" falsecount="1"/>
        <line num="9" count="25" type="stmt"/>
        <line num="13" count="0" type="stmt"/>
      </file>
    </package>
    <package name="src.controllers">
      <metrics statements="175" coveredstatements="163" conditionals="37" coveredconditionals="32" methods="15" coveredmethods="15"/>
      <file name="authentication.js" path="/home/rjmm/Documentos/proyectos/inventario/inventario_be_express/src/controllers/authentication.js">
        <metrics statements="42" coveredstatements="42" conditionals="2" coveredconditionals="2" methods="4" coveredmethods="4"/>
        <line num="1" count="5" type="stmt"/>
        <line num="2" count="5" type="stmt"/>
        <line num="3" count="5" type="stmt"/>
        <line num="4" count="5" type="stmt"/>
        <line num="14" count="5" type="stmt"/>
        <line num="15" count="5" type="stmt"/>
        <line num="16" count="5" type="stmt"/>
        <line num="19" count="5" type="stmt"/>
        <line num="20" count="5" type="stmt"/>
        <line num="22" count="3" type="stmt"/>
        <line num="27" count="2" type="stmt"/>
        <line num="38" count="5" type="stmt"/>
        <line num="39" count="6" type="stmt"/>
        <line num="40" count="6" type="stmt"/>
        <line num="41" count="6" type="stmt"/>
        <line num="44" count="6" type="stmt"/>
        <line num="45" count="6" type="stmt"/>
        <line num="47" count="2" type="stmt"/>
        <line num="52" count="4" type="cond" truecount="2" falsecount="0"/>
        <line num="53" count="2" type="stmt"/>
        <line num="58" count="2" type="stmt"/>
        <line num="60" count="2" type="stmt"/>
        <line num="73" count="5" type="stmt"/>
        <line num="74" count="4" type="stmt"/>
        <line num="76" count="4" type="stmt"/>
        <line num="78" count="4" type="stmt"/>
        <line num="79" count="4" type="stmt"/>
        <line num="81" count="1" type="stmt"/>
        <line num="82" count="1" type="stmt"/>
        <line num="87" count="3" type="stmt"/>
        <line num="98" count="5" type="stmt"/>
        <line num="99" count="5" type="stmt"/>
        <line num="101" count="5" type="stmt"/>
        <line num="103" count="5" type="stmt"/>
        <line num="104" count="5" type="stmt"/>
        <line num="106" count="3" type="stmt"/>
        <line num="111" count="2" type="stmt"/>
        <line num="113" count="2" type="stmt"/>
        <line num="114" count="2" type="stmt"/>
        <line num="116" count="1" type="stmt"/>
        <line num="121" count="1" type="stmt"/>
        <line num="124" count="5" type="stmt"/>
      </file>
      <file name="bill.js" path="/home/rjmm/Documentos/proyectos/inventario/inventario_be_express/src/controllers/bill.js">
        <metrics statements="42" coveredstatements="39" conditionals="11" coveredconditionals="10" methods="4" coveredmethods="4"/>
        <line num="1" count="5" type="stmt"/>
        <line num="2" count="5" type="stmt"/>
        <line num="3" count="5" type="stmt"/>
        <line num="13" count="5" type="stmt"/>
        <line num="14" count="5" type="stmt"/>
        <line num="18" count="5" type="stmt"/>
        <line num="22" count="5" type="stmt"/>
        <line num="24" count="5" type="cond" truecount="5" falsecount="0"/>
        <line num="25" count="1" type="stmt"/>
        <line num="30" count="4" type="stmt"/>
        <line num="31" count="4" type="stmt"/>
        <line num="34" count="4" type="stmt"/>
        <line num="35" count="4" type="stmt"/>
        <line num="37" count="1" type="stmt"/>
        <line num="39" count="1" type="stmt"/>
        <line num="44" count="3" type="stmt"/>
        <line num="45" count="3" type="stmt"/>
        <line num="46" count="3" type="stmt"/>
        <line num="55" count="1" type="stmt"/>
        <line num="57" count="1" type="stmt"/>
        <line num="62" count="2" type="stmt"/>
        <line num="75" count="5" type="stmt"/>
        <line num="76" count="3" type="stmt"/>
        <line num="77" count="3" type="cond" truecount="2" falsecount="0"/>
        <line num="78" count="3" type="cond" truecount="2" falsecount="0"/>
        <line num="80" count="3" type="stmt"/>
        <line num="81" count="3" type="stmt"/>
        <line num="83" count="3" type="stmt"/>
        <line num="85" count="3" type="stmt"/>
        <line num="87" count="3" type="stmt"/>
        <line num="89" count="3" type="stmt"/>
        <line num="103" count="5" type="stmt"/>
        <line num="104" count="2" type="stmt"/>
        <line num="105" count="2" type="stmt"/>
        <line num="108" count="2" type="stmt"/>
        <line num="109" count="2" type="stmt"/>
        <line num="111" count="0" type="stmt"/>
        <line num="112" count="0" type="stmt"/>
        <line num="115" count="2" type="cond" truecount="1" falsecount="1"/>
        <line num="116" count="0" type="stmt"/>
        <line num="119" count="2" type="stmt"/>
        <line num="124" count="5" type="stmt"/>
      </file>
      <file name="price.js" path="/home/rjmm/Documentos/proyectos/inventario/inventario_be_express/src/controllers/price.js">
        <metrics statements="38" coveredstatements="36" conditionals="10" coveredconditionals="8" methods="3" coveredmethods="3"/>
        <line num="1" count="5" type="stmt"/>
        <line num="2" count="5" type="stmt"/>
        <line num="3" count="5" type="stmt"/>
        <line num="13" count="5" type="stmt"/>
        <line num="14" count="2" type="stmt"/>
        <line num="27" count="5" type="stmt"/>
        <line num="28" count="4" type="stmt"/>
        <line num="29" count="4" type="stmt"/>
        <line num="32" count="4" type="stmt"/>
        <line num="33" count="4" type="stmt"/>
        <line num="35" count="1" type="stmt"/>
        <line num="36" count="1" type="stmt"/>
        <line num="41" count="3" type="cond" truecount="2" falsecount="0"/>
        <line num="42" count="1" type="stmt"/>
        <line num="47" count="2" type="stmt"/>
        <line num="60" count="5" type="stmt"/>
        <line num="61" count="7" type="stmt"/>
        <line num="62" count="7" type="stmt"/>
        <line num="63" count="7" type="stmt"/>
        <line num="66" count="7" type="stmt"/>
        <line num="67" count="7" type="stmt"/>
        <line num="69" count="0" type="stmt"/>
        <line num="70" count="0" type="stmt"/>
        <line num="75" count="7" type="cond" truecount="2" falsecount="0"/>
        <line num="76" count="3" type="stmt"/>
        <line num="81" count="4" type="stmt"/>
        <line num="83" count="4" type="cond" truecount="1" falsecount="1"/>
        <line num="84" count="4" type="stmt"/>
        <line num="87" count="4" type="cond" truecount="1" falsecount="1"/>
        <line num="88" count="4" type="cond" truecount="2" falsecount="0"/>
        <line num="89" count="3" type="stmt"/>
        <line num="91" count="1" type="stmt"/>
        <line num="97" count="3" type="stmt"/>
        <line num="98" count="3" type="stmt"/>
        <line num="100" count="1" type="stmt"/>
        <line num="101" count="1" type="stmt"/>
        <line num="106" count="2" type="stmt"/>
        <line num="111" count="5" type="stmt"/>
      </file>
      <file name="product.js" path="/home/rjmm/Documentos/proyectos/inventario/inventario_be_express/src/controllers/product.js">
        <metrics statements="53" coveredstatements="46" conditionals="14" coveredconditionals="12" methods="4" coveredmethods="4"/>
        <line num="1" count="5" type="stmt"/>
        <line num="2" count="5" type="stmt"/>
        <line num="12" count="5" type="stmt"/>
        <line num="13" count="3" type="stmt"/>
        <line num="14" count="3" type="cond" truecount="2" falsecount="0"/>
        <line num="15" count="3" type="cond" truecount="2" falsecount="0"/>
        <line num="17" count="3" type="stmt"/>
        <line num="18" count="3" type="stmt"/>
        <line num="20" count="3" type="stmt"/>
        <line num="22" count="3" type="stmt"/>
        <line num="24" count="3" type="stmt"/>
        <line num="26" count="3" type="stmt"/>
        <line num="40" count="5" type="stmt"/>
        <line num="41" count="5" type="stmt"/>
        <line num="42" count="5" type="stmt"/>
        <line num="43" count="5" type="stmt"/>
        <line num="46" count="5" type="stmt"/>
        <line num="47" count="5" type="stmt"/>
        <line num="52" count="1" type="stmt"/>
        <line num="58" count="4" type="stmt"/>
        <line num="59" count="4" type="stmt"/>
        <line num="66" count="2" type="stmt"/>
        <line num="71" count="2" type="stmt"/>
        <line num="85" count="5" type="stmt"/>
        <line num="86" count="4" type="stmt"/>
        <line num="87" count="4" type="stmt"/>
        <line num="90" count="4" type="stmt"/>
        <line num="91" count="4" type="stmt"/>
        <line num="93" count="0" type="stmt"/>
        <line num="94" count="0" type="stmt"/>
        <line num="99" count="4" type="stmt"/>
        <line num="112" count="5" type="stmt"/>
        <line num="113" count="6" type="stmt"/>
        <line num="114" count="6" type="stmt"/>
        <line num="117" count="6" type="stmt"/>
        <line num="118" count="6" type="stmt"/>
        <line num="120" count="0" type="stmt"/>
        <line num="121" count="0" type="stmt"/>
        <line num="126" count="6" type="cond" truecount="2" falsecount="0"/>
        <line num="127" count="2" type="stmt"/>
        <line num="132" count="4" type="stmt"/>
        <line num="134" count="4" type="cond" truecount="1" falsecount="1"/>
        <line num="135" count="0" type="stmt"/>
        <line num="138" count="4" type="cond" truecount="1" falsecount="1"/>
        <line num="139" count="4" type="cond" truecount="4" falsecount="0"/>
        <line num="140" count="2" type="stmt"/>
        <line num="142" count="2" type="stmt"/>
        <line num="148" count="2" type="stmt"/>
        <line num="149" count="2" type="stmt"/>
        <line num="151" count="0" type="stmt"/>
        <line num="152" count="0" type="stmt"/>
        <line num="157" count="2" type="stmt"/>
        <line num="160" count="5" type="stmt"/>
      </file>
    </package>
    <package name="src.enums">
      <metrics statements="2" coveredstatements="2" conditionals="0" coveredconditionals="0" methods="0" coveredmethods="0"/>
      <file name="coinEnum.js" path="/home/rjmm/Documentos/proyectos/inventario/inventario_be_express/src/enums/coinEnum.js">
        <metrics statements="2" coveredstatements="2" conditionals="0" coveredconditionals="0" methods="0" coveredmethods="0"/>
        <line num="1" count="13" type="stmt"/>
        <line num="6" count="13" type="stmt"/>
      </file>
    </package>
    <package name="src.middlewares">
      <metrics statements="13" coveredstatements="13" conditionals="6" coveredconditionals="6" methods="1" coveredmethods="1"/>
      <file name="authorization.js" path="/home/rjmm/Documentos/proyectos/inventario/inventario_be_express/src/middlewares/authorization.js">
        <metrics statements="13" coveredstatements="13" conditionals="6" coveredconditionals="6" methods="1" coveredmethods="1"/>
        <line num="1" count="5" type="stmt"/>
        <line num="12" count="5" type="stmt"/>
        <line num="13" count="35" type="stmt"/>
        <line num="15" count="35" type="cond" truecount="4" falsecount="0"/>
        <line num="16" count="9" type="stmt"/>
        <line num="21" count="26" type="stmt"/>
        <line num="23" count="26" type="stmt"/>
        <line num="24" count="26" type="stmt"/>
        <line num="25" count="25" type="cond" truecount="2" falsecount="0"/>
        <line num="26" count="25" type="stmt"/>
        <line num="28" count="1" type="stmt"/>
        <line num="33" count="25" type="stmt"/>
        <line num="36" count="5" type="stmt"/>
      </file>
    </package>
    <package name="src.models">
      <metrics statements="35" coveredstatements="35" conditionals="0" coveredconditionals="0" methods="5" coveredmethods="5"/>
      <file name="Bill.js" path="/home/rjmm/Documentos/proyectos/inventario/inventario_be_express/src/models/Bill.js">
        <metrics statements="6" coveredstatements="6" conditionals="0" coveredconditionals="0" methods="1" coveredmethods="1"/>
        <line num="1" count="7" type="stmt"/>
        <line num="54" count="7" type="stmt"/>
        <line num="69" count="2" type="stmt"/>
        <line num="70" count="2" type="stmt"/>
        <line num="72" count="2" type="stmt"/>
        <line num="78" count="7" type="stmt"/>
      </file>
      <file name="PasswordReset.js" path="/home/rjmm/Documentos/proyectos/inventario/inventario_be_express/src/models/PasswordReset.js">
        <metrics statements="3" coveredstatements="3" conditionals="0" coveredconditionals="0" methods="0" coveredmethods="0"/>
        <line num="1" count="8" type="stmt"/>
        <line num="31" count="8" type="stmt"/>
        <line num="47" count="8" type="stmt"/>
      </file>
      <file name="Price.js" path="/home/rjmm/Documentos/proyectos/inventario/inventario_be_express/src/models/Price.js">
        <metrics statements="7" coveredstatements="7" conditionals="0" coveredconditionals="0" methods="1" coveredmethods="1"/>
        <line num="1" count="9" type="stmt"/>
        <line num="2" count="9" type="stmt"/>
        <line num="43" count="9" type="stmt"/>
        <line num="72" count="5" type="stmt"/>
        <line num="73" count="5" type="stmt"/>
        <line num="75" count="5" type="stmt"/>
        <line num="81" count="9" type="stmt"/>
      </file>
      <file name="Product.js" path="/home/rjmm/Documentos/proyectos/inventario/inventario_be_express/src/models/Product.js">
        <metrics statements="6" coveredstatements="6" conditionals="0" coveredconditionals="0" methods="1" coveredmethods="1"/>
        <line num="1" count="9" type="stmt"/>
        <line num="40" count="9" type="stmt"/>
        <line num="63" count="5" type="stmt"/>
        <line num="64" count="5" type="stmt"/>
        <line num="66" count="5" type="stmt"/>
        <line num="72" count="9" type="stmt"/>
      </file>
      <file name="Sale.js" path="/home/rjmm/Documentos/proyectos/inventario/inventario_be_express/src/models/Sale.js">
        <metrics statements="4" coveredstatements="4" conditionals="0" coveredconditionals="0" methods="0" coveredmethods="0"/>
        <line num="1" count="8" type="stmt"/>
        <line num="2" count="8" type="stmt"/>
        <line num="74" count="8" type="stmt"/>
        <line num="109" count="8" type="stmt"/>
      </file>
      <file name="User.js" path="/home/rjmm/Documentos/proyectos/inventario/inventario_be_express/src/models/User.js">
        <metrics statements="9" coveredstatements="9" conditionals="0" coveredconditionals="0" methods="2" coveredmethods="2"/>
        <line num="1" count="9" type="stmt"/>
        <line num="39" count="9" type="stmt"/>
        <line num="58" count="3" type="stmt"/>
        <line num="59" count="3" type="stmt"/>
        <line num="60" count="3" type="stmt"/>
        <line num="62" count="3" type="stmt"/>
        <line num="67" count="2" type="stmt"/>
        <line num="68" count="2" type="stmt"/>
        <line num="74" count="9" type="stmt"/>
      </file>
    </package>
    <package name="src.routes">
      <metrics statements="42" coveredstatements="42" conditionals="0" coveredconditionals="0" methods="0" coveredmethods="0"/>
      <file name="authentication.js" path="/home/rjmm/Documentos/proyectos/inventario/inventario_be_express/src/routes/authentication.js">
        <metrics statements="8" coveredstatements="8" conditionals="0" coveredconditionals="0" methods="0" coveredmethods="0"/>
        <line num="1" count="4" type="stmt"/>
        <line num="2" count="4" type="stmt"/>
        <line num="4" count="4" type="stmt"/>
        <line num="51" count="4" type="stmt"/>
        <line num="90" count="4" type="stmt"/>
        <line num="129" count="4" type="stmt"/>
        <line num="182" count="4" type="stmt"/>
        <line num="184" count="4" type="stmt"/>
      </file>
      <file name="bill.js" path="/home/rjmm/Documentos/proyectos/inventario/inventario_be_express/src/routes/bill.js">
        <metrics statements="7" coveredstatements="7" conditionals="0" coveredconditionals="0" methods="0" coveredmethods="0"/>
        <line num="1" count="4" type="stmt"/>
        <line num="6" count="4" type="stmt"/>
        <line num="8" count="4" type="stmt"/>
        <line num="44" count="4" type="stmt"/>
        <line num="83" count="4" type="stmt"/>
        <line num="113" count="4" type="stmt"/>
        <line num="115" count="4" type="stmt"/>
      </file>
      <file name="index.js" path="/home/rjmm/Documentos/proyectos/inventario/inventario_be_express/src/routes/index.js">
        <metrics statements="10" coveredstatements="10" conditionals="0" coveredconditionals="0" methods="0" coveredmethods="0"/>
        <line num="1" count="4" type="stmt"/>
        <line num="2" count="4" type="stmt"/>
        <line num="3" count="4" type="stmt"/>
        <line num="5" count="4" type="stmt"/>
        <line num="18" count="4" type="stmt"/>
        <line num="19" count="4" type="stmt"/>
        <line num="20" count="4" type="stmt"/>
        <line num="21" count="4" type="stmt"/>
        <line num="22" count="4" type="stmt"/>
        <line num="24" count="4" type="stmt"/>
      </file>
      <file name="price.js" path="/home/rjmm/Documentos/proyectos/inventario/inventario_be_express/src/routes/price.js">
        <metrics statements="8" coveredstatements="8" conditionals="0" coveredconditionals="0" methods="0" coveredmethods="0"/>
        <line num="1" count="4" type="stmt"/>
        <line num="6" count="4" type="stmt"/>
        <line num="7" count="4" type="stmt"/>
        <line num="9" count="4" type="stmt"/>
        <line num="35" count="4" type="stmt"/>
        <line num="65" count="4" type="stmt"/>
        <line num="108" count="4" type="stmt"/>
        <line num="110" count="4" type="stmt"/>
      </file>
      <file name="product.js" path="/home/rjmm/Documentos/proyectos/inventario/inventario_be_express/src/routes/product.js">
        <metrics statements="9" coveredstatements="9" conditionals="0" coveredconditionals="0" methods="0" coveredmethods="0"/>
        <line num="1" count="4" type="stmt"/>
        <line num="2" count="4" type="stmt"/>
        <line num="3" count="4" type="stmt"/>
        <line num="5" count="4" type="stmt"/>
        <line num="44" count="4" type="stmt"/>
        <line num="92" count="4" type="stmt"/>
        <line num="122" count="4" type="stmt"/>
        <line num="162" count="4" type="stmt"/>
        <line num="164" count="4" type="stmt"/>
      </file>
    </package>
    <package name="src.services">
      <metrics statements="116" coveredstatements="115" conditionals="26" coveredconditionals="25" methods="45" coveredmethods="45"/>
      <file name="AuthenticationService.js" path="/home/rjmm/Documentos/proyectos/inventario/inventario_be_express/src/services/AuthenticationService.js">
        <metrics statements="14" coveredstatements="14" conditionals="2" coveredconditionals="2" methods="6" coveredmethods="6"/>
        <line num="1" count="9" type="stmt"/>
        <line num="2" count="9" type="stmt"/>
        <line num="9" count="9" type="stmt"/>
        <line num="10" count="9" type="stmt"/>
        <line num="11" count="9" type="stmt"/>
        <line num="14" count="17" type="cond" truecount="2" falsecount="0"/>
        <line num="15" count="11" type="stmt"/>
        <line num="18" count="17" type="stmt"/>
        <line num="22" count="17" type="stmt"/>
        <line num="34" count="4" type="stmt"/>
        <line num="45" count="5" type="stmt"/>
        <line num="55" count="2" type="stmt"/>
        <line num="66" count="2" type="stmt"/>
        <line num="76" count="9" type="stmt"/>
      </file>
      <file name="BillService.js" path="/home/rjmm/Documentos/proyectos/inventario/inventario_be_express/src/services/BillService.js">
        <metrics statements="14" coveredstatements="14" conditionals="2" coveredconditionals="2" methods="6" coveredmethods="6"/>
        <line num="1" count="6" type="stmt"/>
        <line num="2" count="6" type="stmt"/>
        <line num="3" count="6" type="stmt"/>
        <line num="12" count="14" type="cond" truecount="2" falsecount="0"/>
        <line num="13" count="11" type="stmt"/>
        <line num="16" count="14" type="stmt"/>
        <line num="20" count="19" type="stmt"/>
        <line num="30" count="2" type="stmt"/>
        <line num="43" count="4" type="stmt"/>
        <line num="52" count="3" type="stmt"/>
        <line num="63" count="2" type="stmt"/>
        <line num="90" count="2" type="stmt"/>
        <line num="92" count="2" type="stmt"/>
        <line num="96" count="6" type="stmt"/>
      </file>
      <file name="EmailService.js" path="/home/rjmm/Documentos/proyectos/inventario/inventario_be_express/src/services/EmailService.js">
        <metrics statements="21" coveredstatements="21" conditionals="4" coveredconditionals="4" methods="6" coveredmethods="6"/>
        <line num="1" count="6" type="stmt"/>
        <line num="3" count="6" type="stmt"/>
        <line num="4" count="6" type="stmt"/>
        <line num="5" count="6" type="stmt"/>
        <line num="16" count="8" type="stmt"/>
        <line num="27" count="10" type="cond" truecount="2" falsecount="0"/>
        <line num="28" count="8" type="stmt"/>
        <line num="31" count="10" type="stmt"/>
        <line num="35" count="13" type="stmt"/>
        <line num="48" count="4" type="stmt"/>
        <line num="63" count="3" type="stmt"/>
        <line num="74" count="4" type="stmt"/>
        <line num="75" count="4" type="stmt"/>
        <line num="77" count="4" type="stmt"/>
        <line num="79" count="4" type="cond" truecount="2" falsecount="0"/>
        <line num="80" count="2" type="stmt"/>
        <line num="83" count="2" type="stmt"/>
        <line num="85" count="2" type="stmt"/>
        <line num="87" count="2" type="stmt"/>
        <line num="89" count="2" type="stmt"/>
        <line num="93" count="6" type="stmt"/>
      </file>
      <file name="PasswordResetService.js" path="/home/rjmm/Documentos/proyectos/inventario/inventario_be_express/src/services/PasswordResetService.js">
        <metrics statements="24" coveredstatements="23" conditionals="8" coveredconditionals="7" methods="6" coveredmethods="6"/>
        <line num="1" count="7" type="stmt"/>
        <line num="2" count="7" type="stmt"/>
        <line num="3" count="7" type="stmt"/>
        <line num="4" count="7" type="stmt"/>
        <line num="11" count="7" type="stmt"/>
        <line num="14" count="18" type="cond" truecount="2" falsecount="0"/>
        <line num="15" count="14" type="stmt"/>
        <line num="18" count="18" type="stmt"/>
        <line num="22" count="33" type="stmt"/>
        <line num="26" count="3" type="stmt"/>
        <line num="33" count="7" type="stmt"/>
        <line num="42" count="6" type="stmt"/>
        <line num="44" count="6" type="stmt"/>
        <line num="46" count="5" type="cond" truecount="1" falsecount="1"/>
        <line num="47" count="0" type="stmt"/>
        <line num="50" count="5" type="stmt"/>
        <line num="52" count="5" type="cond" truecount="2" falsecount="0"/>
        <line num="53" count="3" type="stmt"/>
        <line num="56" count="2" type="stmt"/>
        <line num="58" count="2" type="cond" truecount="2" falsecount="0"/>
        <line num="59" count="1" type="stmt"/>
        <line num="62" count="1" type="stmt"/>
        <line num="66" count="4" type="stmt"/>
        <line num="70" count="7" type="stmt"/>
      </file>
      <file name="PriceService.js" path="/home/rjmm/Documentos/proyectos/inventario/inventario_be_express/src/services/PriceService.js">
        <metrics statements="9" coveredstatements="9" conditionals="2" coveredconditionals="2" methods="5" coveredmethods="5"/>
        <line num="1" count="7" type="stmt"/>
        <line num="10" count="16" type="cond" truecount="2" falsecount="0"/>
        <line num="11" count="10" type="stmt"/>
        <line num="14" count="16" type="stmt"/>
        <line num="18" count="15" type="stmt"/>
        <line num="28" count="4" type="stmt"/>
        <line num="39" count="5" type="stmt"/>
        <line num="49" count="3" type="stmt"/>
        <line num="53" count="7" type="stmt"/>
      </file>
      <file name="ProductService.js" path="/home/rjmm/Documentos/proyectos/inventario/inventario_be_express/src/services/ProductService.js">
        <metrics statements="10" coveredstatements="10" conditionals="2" coveredconditionals="2" methods="6" coveredmethods="6"/>
        <line num="1" count="6" type="stmt"/>
        <line num="10" count="20" type="cond" truecount="2" falsecount="0"/>
        <line num="11" count="12" type="stmt"/>
        <line num="14" count="20" type="stmt"/>
        <line num="18" count="21" type="stmt"/>
        <line num="29" count="4" type="stmt"/>
        <line num="38" count="3" type="stmt"/>
        <line num="48" count="7" type="stmt"/>
        <line num="58" count="3" type="stmt"/>
        <line num="62" count="6" type="stmt"/>
      </file>
      <file name="SaleService.js" path="/home/rjmm/Documentos/proyectos/inventario/inventario_be_express/src/services/SaleService.js">
        <metrics statements="8" coveredstatements="8" conditionals="2" coveredconditionals="2" methods="4" coveredmethods="4"/>
        <line num="1" count="6" type="stmt"/>
        <line num="10" count="8" type="cond" truecount="2" falsecount="0"/>
        <line num="11" count="7" type="stmt"/>
        <line num="14" count="8" type="stmt"/>
        <line num="18" count="11" type="stmt"/>
        <line num="28" count="2" type="stmt"/>
        <line num="38" count="2" type="stmt"/>
        <line num="42" count="6" type="stmt"/>
      </file>
      <file name="UserService.js" path="/home/rjmm/Documentos/proyectos/inventario/inventario_be_express/src/services/UserService.js">
        <metrics statements="16" coveredstatements="16" conditionals="4" coveredconditionals="4" methods="6" coveredmethods="6"/>
        <line num="1" count="8" type="stmt"/>
        <line num="2" count="8" type="stmt"/>
        <line num="3" count="8" type="stmt"/>
        <line num="12" count="26" type="cond" truecount="2" falsecount="0"/>
        <line num="13" count="16" type="stmt"/>
        <line num="16" count="26" type="stmt"/>
        <line num="20" count="49" type="stmt"/>
        <line num="24" count="4" type="stmt"/>
        <line num="26" count="4" type="stmt"/>
        <line num="38" count="17" type="stmt"/>
        <line num="47" count="11" type="stmt"/>
        <line num="49" count="11" type="cond" truecount="2" falsecount="0"/>
        <line num="50" count="3" type="stmt"/>
        <line num="53" count="8" type="stmt"/>
        <line num="57" count="1" type="stmt"/>
        <line num="64" count="8" type="stmt"/>
      </file>
    </package>
    <package name="src.utils">
      <metrics statements="9" coveredstatements="9" conditionals="1" coveredconditionals="1" methods="5" coveredmethods="4"/>
      <file name="color.js" path="/home/rjmm/Documentos/proyectos/inventario/inventario_be_express/src/utils/color.js">
        <metrics statements="3" coveredstatements="3" conditionals="0" coveredconditionals="0" methods="2" coveredmethods="1"/>
        <line num="1" count="25" type="stmt"/>
        <line num="2" count="25" type="stmt"/>
        <line num="3" count="25" type="stmt"/>
      </file>
      <file name="date.js" path="/home/rjmm/Documentos/proyectos/inventario/inventario_be_express/src/utils/date.js">
        <metrics statements="2" coveredstatements="2" conditionals="0" coveredconditionals="0" methods="1" coveredmethods="1"/>
        <line num="1" count="10" type="stmt"/>
        <line num="3" count="8" type="stmt"/>
      </file>
      <file name="random.js" path="/home/rjmm/Documentos/proyectos/inventario/inventario_be_express/src/utils/random.js">
        <metrics statements="4" coveredstatements="4" conditionals="1" coveredconditionals="1" methods="2" coveredmethods="2"/>
        <line num="1" count="9" type="stmt"/>
        <line num="3" count="9" type="cond" truecount="1" falsecount="0"/>
        <line num="4" count="16" type="stmt"/>
        <line num="9" count="9" type="stmt"/>
      </file>
    </package>
    <package name="src.utils.scripts">
      <metrics statements="2" coveredstatements="0" conditionals="0" coveredconditionals="0" methods="0" coveredmethods="0"/>
      <file name="random.js" path="/home/rjmm/Documentos/proyectos/inventario/inventario_be_express/src/utils/scripts/random.js">
        <metrics statements="2" coveredstatements="0" conditionals="0" coveredconditionals="0" methods="0" coveredmethods="0"/>
        <line num="6" count="0" type="stmt"/>
        <line num="8" count="0" type="stmt"/>
      </file>
    </package>
  </project>
</coverage>
