{"/home/rjmm/Documentos/proyectos/inventario/inventario_be_express/src/api.js": {"path":"/home/rjmm/Documentos/proyectos/inventario/inventario_be_express/src/api.js","statementMap":{"0":{"start":{"line":1,"column":19},"end":{"line":1,"column":37}},"1":{"start":{"line":2,"column":21},"end":{"line":2,"column":45}},"2":{"start":{"line":3,"column":18},"end":{"line":3,"column":47}},"3":{"start":{"line":4,"column":20},"end":{"line":4,"column":46}},"4":{"start":{"line":6,"column":15},"end":{"line":6,"column":23}},"5":{"start":{"line":11,"column":23},"end":{"line":23,"column":1}},"6":{"start":{"line":25,"column":20},"end":{"line":25,"column":48}},"7":{"start":{"line":27,"column":0},"end":{"line":27,"column":63}},"8":{"start":{"line":29,"column":0},"end":{"line":29,"column":24}}},"fnMap":{},"branchMap":{},"s":{"0":4,"1":4,"2":4,"3":4,"4":4,"5":4,"6":4,"7":4,"8":4},"f":{},"b":{},"_coverageSchema":"1a1c01bbd47fc00a2c39e90264f33305004495a9","hash":"9495a44e9b7845409b191da620558bcd25a8baf9"}
,"/home/rjmm/Documentos/proyectos/inventario/inventario_be_express/src/config.js": {"path":"/home/rjmm/Documentos/proyectos/inventario/inventario_be_express/src/config.js","statementMap":{"0":{"start":{"line":1,"column":13},"end":{"line":1,"column":28}},"1":{"start":{"line":2,"column":11},"end":{"line":2,"column":24}},"2":{"start":{"line":3,"column":15},"end":{"line":3,"column":32}},"3":{"start":{"line":4,"column":24},"end":{"line":4,"column":48}},"4":{"start":{"line":6,"column":16},"end":{"line":6,"column":50}},"5":{"start":{"line":8,"column":0},"end":{"line":14,"column":1}},"6":{"start":{"line":9,"column":2},"end":{"line":11,"column":5}},"7":{"start":{"line":13,"column":2},"end":{"line":13,"column":45}}},"fnMap":{},"branchMap":{"0":{"loc":{"start":{"line":8,"column":0},"end":{"line":14,"column":1}},"type":"if","locations":[{"start":{"line":8,"column":0},"end":{"line":14,"column":1}},{"start":{"line":12,"column":7},"end":{"line":14,"column":1}}],"line":8}},"s":{"0":25,"1":25,"2":25,"3":25,"4":25,"5":25,"6":25,"7":0},"f":{},"b":{"0":[25,0]},"_coverageSchema":"1a1c01bbd47fc00a2c39e90264f33305004495a9","hash":"b1de19bf03e2012d94d7acc35ab35480cdb11247"}
,"/home/rjmm/Documentos/proyectos/inventario/inventario_be_express/src/controllers/authentication.js": {"path":"/home/rjmm/Documentos/proyectos/inventario/inventario_be_express/src/controllers/authentication.js","statementMap":{"0":{"start":{"line":1,"column":20},"end":{"line":1,"column":54}},"1":{"start":{"line":2,"column":21},"end":{"line":2,"column":56}},"2":{"start":{"line":3,"column":29},"end":{"line":3,"column":72}},"3":{"start":{"line":4,"column":30},"end":{"line":4,"column":74}},"4":{"start":{"line":14,"column":15},"end":{"line":28,"column":1}},"5":{"start":{"line":15,"column":15},"end":{"line":15,"column":23}},"6":{"start":{"line":16,"column":22},"end":{"line":16,"column":47}},"7":{"start":{"line":19,"column":2},"end":{"line":25,"column":3}},"8":{"start":{"line":20,"column":4},"end":{"line":20,"column":67}},"9":{"start":{"line":22,"column":4},"end":{"line":24,"column":7}},"10":{"start":{"line":27,"column":2},"end":{"line":27,"column":36}},"11":{"start":{"line":38,"column":15},"end":{"line":63,"column":1}},"12":{"start":{"line":39,"column":30},"end":{"line":39,"column":38}},"13":{"start":{"line":40,"column":22},"end":{"line":40,"column":47}},"14":{"start":{"line":41,"column":32},"end":{"line":41,"column":67}},"15":{"start":{"line":44,"column":2},"end":{"line":50,"column":3}},"16":{"start":{"line":45,"column":4},"end":{"line":45,"column":55}},"17":{"start":{"line":47,"column":4},"end":{"line":49,"column":7}},"18":{"start":{"line":52,"column":2},"end":{"line":56,"column":3}},"19":{"start":{"line":53,"column":4},"end":{"line":55,"column":7}},"20":{"start":{"line":58,"column":24},"end":{"line":58,"column":72}},"21":{"start":{"line":60,"column":2},"end":{"line":62,"column":5}},"22":{"start":{"line":73,"column":22},"end":{"line":88,"column":1}},"23":{"start":{"line":74,"column":20},"end":{"line":74,"column":28}},"24":{"start":{"line":76,"column":23},"end":{"line":76,"column":49}},"25":{"start":{"line":78,"column":2},"end":{"line":85,"column":3}},"26":{"start":{"line":79,"column":4},"end":{"line":79,"column":57}},"27":{"start":{"line":81,"column":4},"end":{"line":81,"column":23}},"28":{"start":{"line":82,"column":4},"end":{"line":84,"column":7}},"29":{"start":{"line":87,"column":2},"end":{"line":87,"column":34}},"30":{"start":{"line":98,"column":28},"end":{"line":122,"column":1}},"31":{"start":{"line":99,"column":37},"end":{"line":99,"column":45}},"32":{"start":{"line":101,"column":31},"end":{"line":101,"column":65}},"33":{"start":{"line":103,"column":2},"end":{"line":109,"column":3}},"34":{"start":{"line":104,"column":4},"end":{"line":104,"column":70}},"35":{"start":{"line":106,"column":4},"end":{"line":108,"column":7}},"36":{"start":{"line":111,"column":22},"end":{"line":111,"column":47}},"37":{"start":{"line":113,"column":2},"end":{"line":119,"column":3}},"38":{"start":{"line":114,"column":4},"end":{"line":114,"column":58}},"39":{"start":{"line":116,"column":4},"end":{"line":118,"column":7}},"40":{"start":{"line":121,"column":2},"end":{"line":121,"column":27}},"41":{"start":{"line":124,"column":0},"end":{"line":129,"column":2}}},"fnMap":{"0":{"name":"(anonymous_0)","decl":{"start":{"line":14,"column":15},"end":{"line":14,"column":16}},"loc":{"start":{"line":14,"column":35},"end":{"line":28,"column":1}},"line":14},"1":{"name":"(anonymous_1)","decl":{"start":{"line":38,"column":15},"end":{"line":38,"column":16}},"loc":{"start":{"line":38,"column":35},"end":{"line":63,"column":1}},"line":38},"2":{"name":"(anonymous_2)","decl":{"start":{"line":73,"column":22},"end":{"line":73,"column":23}},"loc":{"start":{"line":73,"column":42},"end":{"line":88,"column":1}},"line":73},"3":{"name":"(anonymous_3)","decl":{"start":{"line":98,"column":28},"end":{"line":98,"column":29}},"loc":{"start":{"line":98,"column":48},"end":{"line":122,"column":1}},"line":98}},"branchMap":{"0":{"loc":{"start":{"line":52,"column":2},"end":{"line":56,"column":3}},"type":"if","locations":[{"start":{"line":52,"column":2},"end":{"line":56,"column":3}},{"start":{},"end":{}}],"line":52}},"s":{"0":5,"1":5,"2":5,"3":5,"4":5,"5":5,"6":5,"7":5,"8":5,"9":3,"10":2,"11":5,"12":6,"13":6,"14":6,"15":6,"16":6,"17":2,"18":4,"19":2,"20":2,"21":2,"22":5,"23":4,"24":4,"25":4,"26":4,"27":1,"28":1,"29":3,"30":5,"31":5,"32":5,"33":5,"34":5,"35":3,"36":2,"37":2,"38":2,"39":1,"40":1,"41":5},"f":{"0":5,"1":6,"2":4,"3":5},"b":{"0":[2,2]},"_coverageSchema":"1a1c01bbd47fc00a2c39e90264f33305004495a9","hash":"291afffe8709584e0546ed8fd7122462ebd5fd44"}
,"/home/rjmm/Documentos/proyectos/inventario/inventario_be_express/src/controllers/bill.js": {"path":"/home/rjmm/Documentos/proyectos/inventario/inventario_be_express/src/controllers/bill.js","statementMap":{"0":{"start":{"line":1,"column":22},"end":{"line":1,"column":47}},"1":{"start":{"line":2,"column":20},"end":{"line":2,"column":54}},"2":{"start":{"line":3,"column":20},"end":{"line":3,"column":54}},"3":{"start":{"line":13,"column":19},"end":{"line":65,"column":1}},"4":{"start":{"line":14,"column":15},"end":{"line":14,"column":23}},"5":{"start":{"line":18,"column":15},"end":{"line":18,"column":27}},"6":{"start":{"line":22,"column":18},"end":{"line":22,"column":30}},"7":{"start":{"line":24,"column":2},"end":{"line":28,"column":3}},"8":{"start":{"line":25,"column":4},"end":{"line":27,"column":7}},"9":{"start":{"line":30,"column":22},"end":{"line":30,"column":47}},"10":{"start":{"line":31,"column":22},"end":{"line":31,"column":47}},"11":{"start":{"line":34,"column":2},"end":{"line":42,"column":3}},"12":{"start":{"line":35,"column":4},"end":{"line":35,"column":52}},"13":{"start":{"line":37,"column":4},"end":{"line":37,"column":38}},"14":{"start":{"line":39,"column":4},"end":{"line":41,"column":7}},"15":{"start":{"line":44,"column":2},"end":{"line":60,"column":3}},"16":{"start":{"line":45,"column":4},"end":{"line":53,"column":6}},"17":{"start":{"line":46,"column":26},"end":{"line":52,"column":8}},"18":{"start":{"line":55,"column":4},"end":{"line":55,"column":42}},"19":{"start":{"line":57,"column":4},"end":{"line":59,"column":7}},"20":{"start":{"line":62,"column":2},"end":{"line":64,"column":5}},"21":{"start":{"line":75,"column":20},"end":{"line":93,"column":1}},"22":{"start":{"line":76,"column":16},"end":{"line":76,"column":25}},"23":{"start":{"line":77,"column":16},"end":{"line":77,"column":35}},"24":{"start":{"line":78,"column":15},"end":{"line":78,"column":32}},"25":{"start":{"line":80,"column":19},"end":{"line":80,"column":32}},"26":{"start":{"line":81,"column":20},"end":{"line":81,"column":49}},"27":{"start":{"line":83,"column":22},"end":{"line":83,"column":47}},"28":{"start":{"line":85,"column":16},"end":{"line":85,"column":63}},"29":{"start":{"line":87,"column":16},"end":{"line":87,"column":46}},"30":{"start":{"line":89,"column":2},"end":{"line":92,"column":5}},"31":{"start":{"line":103,"column":30},"end":{"line":122,"column":1}},"32":{"start":{"line":104,"column":21},"end":{"line":104,"column":31}},"33":{"start":{"line":105,"column":22},"end":{"line":105,"column":47}},"34":{"start":{"line":108,"column":2},"end":{"line":113,"column":3}},"35":{"start":{"line":109,"column":4},"end":{"line":109,"column":61}},"36":{"start":{"line":111,"column":4},"end":{"line":111,"column":38}},"37":{"start":{"line":112,"column":4},"end":{"line":112,"column":62}},"38":{"start":{"line":115,"column":2},"end":{"line":117,"column":3}},"39":{"start":{"line":116,"column":4},"end":{"line":116,"column":63}},"40":{"start":{"line":119,"column":2},"end":{"line":121,"column":5}},"41":{"start":{"line":124,"column":0},"end":{"line":128,"column":2}}},"fnMap":{"0":{"name":"(anonymous_0)","decl":{"start":{"line":13,"column":19},"end":{"line":13,"column":20}},"loc":{"start":{"line":13,"column":39},"end":{"line":65,"column":1}},"line":13},"1":{"name":"(anonymous_1)","decl":{"start":{"line":46,"column":18},"end":{"line":46,"column":19}},"loc":{"start":{"line":46,"column":26},"end":{"line":52,"column":8}},"line":46},"2":{"name":"(anonymous_2)","decl":{"start":{"line":75,"column":20},"end":{"line":75,"column":21}},"loc":{"start":{"line":75,"column":40},"end":{"line":93,"column":1}},"line":75},"3":{"name":"(anonymous_3)","decl":{"start":{"line":103,"column":30},"end":{"line":103,"column":31}},"loc":{"start":{"line":103,"column":50},"end":{"line":122,"column":1}},"line":103}},"branchMap":{"0":{"loc":{"start":{"line":24,"column":2},"end":{"line":28,"column":3}},"type":"if","locations":[{"start":{"line":24,"column":2},"end":{"line":28,"column":3}},{"start":{},"end":{}}],"line":24},"1":{"loc":{"start":{"line":24,"column":6},"end":{"line":24,"column":65}},"type":"binary-expr","locations":[{"start":{"line":24,"column":6},"end":{"line":24,"column":14}},{"start":{"line":24,"column":18},"end":{"line":24,"column":41}},{"start":{"line":24,"column":45},"end":{"line":24,"column":65}}],"line":24},"2":{"loc":{"start":{"line":77,"column":16},"end":{"line":77,"column":35}},"type":"binary-expr","locations":[{"start":{"line":77,"column":16},"end":{"line":77,"column":27}},{"start":{"line":77,"column":31},"end":{"line":77,"column":35}}],"line":77},"3":{"loc":{"start":{"line":78,"column":15},"end":{"line":78,"column":32}},"type":"binary-expr","locations":[{"start":{"line":78,"column":15},"end":{"line":78,"column":25}},{"start":{"line":78,"column":29},"end":{"line":78,"column":32}}],"line":78},"4":{"loc":{"start":{"line":115,"column":2},"end":{"line":117,"column":3}},"type":"if","locations":[{"start":{"line":115,"column":2},"end":{"line":117,"column":3}},{"start":{},"end":{}}],"line":115}},"s":{"0":5,"1":5,"2":5,"3":5,"4":5,"5":5,"6":5,"7":5,"8":1,"9":4,"10":4,"11":4,"12":4,"13":1,"14":1,"15":3,"16":3,"17":3,"18":1,"19":1,"20":2,"21":5,"22":3,"23":3,"24":3,"25":3,"26":3,"27":3,"28":3,"29":3,"30":3,"31":5,"32":2,"33":2,"34":2,"35":2,"36":0,"37":0,"38":2,"39":0,"40":2,"41":5},"f":{"0":5,"1":3,"2":3,"3":2},"b":{"0":[1,4],"1":[5,4,4],"2":[3,2],"3":[3,2],"4":[0,2]},"_coverageSchema":"1a1c01bbd47fc00a2c39e90264f33305004495a9","hash":"ee49fc528ea0a45a5e8eb7120a7464ce60a805db"}
,"/home/rjmm/Documentos/proyectos/inventario/inventario_be_express/src/controllers/price.js": {"path":"/home/rjmm/Documentos/proyectos/inventario/inventario_be_express/src/controllers/price.js","statementMap":{"0":{"start":{"line":1,"column":21},"end":{"line":1,"column":49}},"1":{"start":{"line":2,"column":14},"end":{"line":2,"column":40}},"2":{"start":{"line":3,"column":21},"end":{"line":3,"column":56}},"3":{"start":{"line":13,"column":24},"end":{"line":17,"column":1}},"4":{"start":{"line":14,"column":2},"end":{"line":16,"column":5}},"5":{"start":{"line":27,"column":28},"end":{"line":50,"column":1}},"6":{"start":{"line":28,"column":20},"end":{"line":28,"column":40}},"7":{"start":{"line":29,"column":23},"end":{"line":29,"column":49}},"8":{"start":{"line":32,"column":2},"end":{"line":39,"column":3}},"9":{"start":{"line":33,"column":4},"end":{"line":33,"column":64}},"10":{"start":{"line":35,"column":4},"end":{"line":35,"column":23}},"11":{"start":{"line":36,"column":4},"end":{"line":38,"column":7}},"12":{"start":{"line":41,"column":2},"end":{"line":45,"column":3}},"13":{"start":{"line":42,"column":4},"end":{"line":44,"column":7}},"14":{"start":{"line":47,"column":2},"end":{"line":49,"column":5}},"15":{"start":{"line":60,"column":24},"end":{"line":109,"column":1}},"16":{"start":{"line":61,"column":18},"end":{"line":61,"column":36}},"17":{"start":{"line":62,"column":15},"end":{"line":62,"column":30}},"18":{"start":{"line":63,"column":23},"end":{"line":63,"column":49}},"19":{"start":{"line":66,"column":2},"end":{"line":73,"column":3}},"20":{"start":{"line":67,"column":4},"end":{"line":67,"column":68}},"21":{"start":{"line":69,"column":4},"end":{"line":69,"column":23}},"22":{"start":{"line":70,"column":4},"end":{"line":72,"column":7}},"23":{"start":{"line":75,"column":2},"end":{"line":79,"column":3}},"24":{"start":{"line":76,"column":4},"end":{"line":78,"column":7}},"25":{"start":{"line":81,"column":21},"end":{"line":81,"column":29}},"26":{"start":{"line":83,"column":2},"end":{"line":85,"column":3}},"27":{"start":{"line":84,"column":4},"end":{"line":84,"column":28}},"28":{"start":{"line":87,"column":2},"end":{"line":95,"column":3}},"29":{"start":{"line":88,"column":4},"end":{"line":94,"column":5}},"30":{"start":{"line":89,"column":6},"end":{"line":89,"column":26}},"31":{"start":{"line":91,"column":6},"end":{"line":93,"column":9}},"32":{"start":{"line":97,"column":2},"end":{"line":104,"column":3}},"33":{"start":{"line":98,"column":4},"end":{"line":98,"column":25}},"34":{"start":{"line":100,"column":4},"end":{"line":100,"column":23}},"35":{"start":{"line":101,"column":4},"end":{"line":103,"column":7}},"36":{"start":{"line":106,"column":2},"end":{"line":108,"column":5}},"37":{"start":{"line":111,"column":0},"end":{"line":115,"column":2}}},"fnMap":{"0":{"name":"(anonymous_0)","decl":{"start":{"line":13,"column":24},"end":{"line":13,"column":25}},"loc":{"start":{"line":13,"column":38},"end":{"line":17,"column":1}},"line":13},"1":{"name":"(anonymous_1)","decl":{"start":{"line":27,"column":28},"end":{"line":27,"column":29}},"loc":{"start":{"line":27,"column":48},"end":{"line":50,"column":1}},"line":27},"2":{"name":"(anonymous_2)","decl":{"start":{"line":60,"column":24},"end":{"line":60,"column":25}},"loc":{"start":{"line":60,"column":44},"end":{"line":109,"column":1}},"line":60}},"branchMap":{"0":{"loc":{"start":{"line":41,"column":2},"end":{"line":45,"column":3}},"type":"if","locations":[{"start":{"line":41,"column":2},"end":{"line":45,"column":3}},{"start":{},"end":{}}],"line":41},"1":{"loc":{"start":{"line":75,"column":2},"end":{"line":79,"column":3}},"type":"if","locations":[{"start":{"line":75,"column":2},"end":{"line":79,"column":3}},{"start":{},"end":{}}],"line":75},"2":{"loc":{"start":{"line":83,"column":2},"end":{"line":85,"column":3}},"type":"if","locations":[{"start":{"line":83,"column":2},"end":{"line":85,"column":3}},{"start":{},"end":{}}],"line":83},"3":{"loc":{"start":{"line":87,"column":2},"end":{"line":95,"column":3}},"type":"if","locations":[{"start":{"line":87,"column":2},"end":{"line":95,"column":3}},{"start":{},"end":{}}],"line":87},"4":{"loc":{"start":{"line":88,"column":4},"end":{"line":94,"column":5}},"type":"if","locations":[{"start":{"line":88,"column":4},"end":{"line":94,"column":5}},{"start":{"line":90,"column":11},"end":{"line":94,"column":5}}],"line":88}},"s":{"0":5,"1":5,"2":5,"3":5,"4":2,"5":5,"6":4,"7":4,"8":4,"9":4,"10":1,"11":1,"12":3,"13":1,"14":2,"15":5,"16":7,"17":7,"18":7,"19":7,"20":7,"21":0,"22":0,"23":7,"24":3,"25":4,"26":4,"27":4,"28":4,"29":4,"30":3,"31":1,"32":3,"33":3,"34":1,"35":1,"36":2,"37":5},"f":{"0":2,"1":4,"2":7},"b":{"0":[1,2],"1":[3,4],"2":[4,0],"3":[4,0],"4":[3,1]},"_coverageSchema":"1a1c01bbd47fc00a2c39e90264f33305004495a9","hash":"02c607ceae7b388fb4306c75b6dd72f58774e954"}
,"/home/rjmm/Documentos/proyectos/inventario/inventario_be_express/src/controllers/product.js": {"path":"/home/rjmm/Documentos/proyectos/inventario/inventario_be_express/src/controllers/product.js","statementMap":{"0":{"start":{"line":1,"column":23},"end":{"line":1,"column":60}},"1":{"start":{"line":2,"column":21},"end":{"line":2,"column":56}},"2":{"start":{"line":12,"column":20},"end":{"line":30,"column":1}},"3":{"start":{"line":13,"column":16},"end":{"line":13,"column":25}},"4":{"start":{"line":14,"column":15},"end":{"line":14,"column":32}},"5":{"start":{"line":15,"column":16},"end":{"line":15,"column":35}},"6":{"start":{"line":17,"column":20},"end":{"line":17,"column":36}},"7":{"start":{"line":18,"column":19},"end":{"line":18,"column":32}},"8":{"start":{"line":20,"column":25},"end":{"line":20,"column":53}},"9":{"start":{"line":22,"column":19},"end":{"line":22,"column":72}},"10":{"start":{"line":24,"column":16},"end":{"line":24,"column":52}},"11":{"start":{"line":26,"column":2},"end":{"line":29,"column":5}},"12":{"start":{"line":40,"column":22},"end":{"line":75,"column":1}},"13":{"start":{"line":41,"column":15},"end":{"line":41,"column":23}},"14":{"start":{"line":42,"column":25},"end":{"line":42,"column":53}},"15":{"start":{"line":43,"column":23},"end":{"line":43,"column":49}},"16":{"start":{"line":46,"column":2},"end":{"line":55,"column":3}},"17":{"start":{"line":47,"column":4},"end":{"line":50,"column":7}},"18":{"start":{"line":52,"column":4},"end":{"line":54,"column":7}},"19":{"start":{"line":58,"column":2},"end":{"line":69,"column":3}},"20":{"start":{"line":59,"column":4},"end":{"line":64,"column":7}},"21":{"start":{"line":66,"column":4},"end":{"line":68,"column":7}},"22":{"start":{"line":71,"column":2},"end":{"line":74,"column":5}},"23":{"start":{"line":85,"column":23},"end":{"line":102,"column":1}},"24":{"start":{"line":86,"column":20},"end":{"line":86,"column":40}},"25":{"start":{"line":87,"column":25},"end":{"line":87,"column":53}},"26":{"start":{"line":90,"column":2},"end":{"line":97,"column":3}},"27":{"start":{"line":91,"column":4},"end":{"line":91,"column":63}},"28":{"start":{"line":93,"column":4},"end":{"line":93,"column":23}},"29":{"start":{"line":94,"column":4},"end":{"line":96,"column":7}},"30":{"start":{"line":99,"column":2},"end":{"line":101,"column":5}},"31":{"start":{"line":112,"column":26},"end":{"line":158,"column":1}},"32":{"start":{"line":113,"column":20},"end":{"line":113,"column":40}},"33":{"start":{"line":114,"column":25},"end":{"line":114,"column":53}},"34":{"start":{"line":117,"column":2},"end":{"line":124,"column":3}},"35":{"start":{"line":118,"column":4},"end":{"line":118,"column":63}},"36":{"start":{"line":120,"column":4},"end":{"line":120,"column":23}},"37":{"start":{"line":121,"column":4},"end":{"line":123,"column":7}},"38":{"start":{"line":126,"column":2},"end":{"line":130,"column":3}},"39":{"start":{"line":127,"column":4},"end":{"line":129,"column":7}},"40":{"start":{"line":132,"column":28},"end":{"line":132,"column":36}},"41":{"start":{"line":134,"column":2},"end":{"line":136,"column":3}},"42":{"start":{"line":135,"column":4},"end":{"line":135,"column":32}},"43":{"start":{"line":138,"column":2},"end":{"line":146,"column":3}},"44":{"start":{"line":139,"column":4},"end":{"line":145,"column":5}},"45":{"start":{"line":140,"column":6},"end":{"line":140,"column":28}},"46":{"start":{"line":142,"column":6},"end":{"line":144,"column":9}},"47":{"start":{"line":148,"column":2},"end":{"line":155,"column":3}},"48":{"start":{"line":149,"column":4},"end":{"line":149,"column":27}},"49":{"start":{"line":151,"column":4},"end":{"line":151,"column":23}},"50":{"start":{"line":152,"column":4},"end":{"line":154,"column":7}},"51":{"start":{"line":157,"column":2},"end":{"line":157,"column":34}},"52":{"start":{"line":160,"column":0},"end":{"line":165,"column":2}}},"fnMap":{"0":{"name":"(anonymous_0)","decl":{"start":{"line":12,"column":20},"end":{"line":12,"column":21}},"loc":{"start":{"line":12,"column":40},"end":{"line":30,"column":1}},"line":12},"1":{"name":"(anonymous_1)","decl":{"start":{"line":40,"column":22},"end":{"line":40,"column":23}},"loc":{"start":{"line":40,"column":42},"end":{"line":75,"column":1}},"line":40},"2":{"name":"(anonymous_2)","decl":{"start":{"line":85,"column":23},"end":{"line":85,"column":24}},"loc":{"start":{"line":85,"column":43},"end":{"line":102,"column":1}},"line":85},"3":{"name":"(anonymous_3)","decl":{"start":{"line":112,"column":26},"end":{"line":112,"column":27}},"loc":{"start":{"line":112,"column":46},"end":{"line":158,"column":1}},"line":112}},"branchMap":{"0":{"loc":{"start":{"line":14,"column":15},"end":{"line":14,"column":32}},"type":"binary-expr","locations":[{"start":{"line":14,"column":15},"end":{"line":14,"column":25}},{"start":{"line":14,"column":29},"end":{"line":14,"column":32}}],"line":14},"1":{"loc":{"start":{"line":15,"column":16},"end":{"line":15,"column":35}},"type":"binary-expr","locations":[{"start":{"line":15,"column":16},"end":{"line":15,"column":27}},{"start":{"line":15,"column":31},"end":{"line":15,"column":35}}],"line":15},"2":{"loc":{"start":{"line":126,"column":2},"end":{"line":130,"column":3}},"type":"if","locations":[{"start":{"line":126,"column":2},"end":{"line":130,"column":3}},{"start":{},"end":{}}],"line":126},"3":{"loc":{"start":{"line":134,"column":2},"end":{"line":136,"column":3}},"type":"if","locations":[{"start":{"line":134,"column":2},"end":{"line":136,"column":3}},{"start":{},"end":{}}],"line":134},"4":{"loc":{"start":{"line":138,"column":2},"end":{"line":146,"column":3}},"type":"if","locations":[{"start":{"line":138,"column":2},"end":{"line":146,"column":3}},{"start":{},"end":{}}],"line":138},"5":{"loc":{"start":{"line":139,"column":4},"end":{"line":145,"column":5}},"type":"if","locations":[{"start":{"line":139,"column":4},"end":{"line":145,"column":5}},{"start":{"line":141,"column":11},"end":{"line":145,"column":5}}],"line":139},"6":{"loc":{"start":{"line":139,"column":8},"end":{"line":139,"column":51}},"type":"binary-expr","locations":[{"start":{"line":139,"column":8},"end":{"line":139,"column":32}},{"start":{"line":139,"column":36},"end":{"line":139,"column":51}}],"line":139}},"s":{"0":5,"1":5,"2":5,"3":3,"4":3,"5":3,"6":3,"7":3,"8":3,"9":3,"10":3,"11":3,"12":5,"13":5,"14":5,"15":5,"16":5,"17":5,"18":1,"19":4,"20":4,"21":2,"22":2,"23":5,"24":4,"25":4,"26":4,"27":4,"28":0,"29":0,"30":4,"31":5,"32":6,"33":6,"34":6,"35":6,"36":0,"37":0,"38":6,"39":2,"40":4,"41":4,"42":0,"43":4,"44":4,"45":2,"46":2,"47":2,"48":2,"49":0,"50":0,"51":2,"52":5},"f":{"0":3,"1":5,"2":4,"3":6},"b":{"0":[3,2],"1":[3,2],"2":[2,4],"3":[0,4],"4":[4,0],"5":[2,2],"6":[4,4]},"_coverageSchema":"1a1c01bbd47fc00a2c39e90264f33305004495a9","hash":"57057317ad38f74d99b45136f648d62429ce1cb4"}
,"/home/rjmm/Documentos/proyectos/inventario/inventario_be_express/src/enums/coinEnum.js": {"path":"/home/rjmm/Documentos/proyectos/inventario/inventario_be_express/src/enums/coinEnum.js","statementMap":{"0":{"start":{"line":1,"column":17},"end":{"line":4,"column":1}},"1":{"start":{"line":6,"column":0},"end":{"line":8,"column":2}}},"fnMap":{},"branchMap":{},"s":{"0":13,"1":13},"f":{},"b":{},"_coverageSchema":"1a1c01bbd47fc00a2c39e90264f33305004495a9","hash":"017cb39a00cb243fca00d86193da462cea06e7a2"}
,"/home/rjmm/Documentos/proyectos/inventario/inventario_be_express/src/middlewares/authorization.js": {"path":"/home/rjmm/Documentos/proyectos/inventario/inventario_be_express/src/middlewares/authorization.js","statementMap":{"0":{"start":{"line":1,"column":12},"end":{"line":1,"column":35}},"1":{"start":{"line":12,"column":24},"end":{"line":34,"column":1}},"2":{"start":{"line":13,"column":29},"end":{"line":13,"column":53}},"3":{"start":{"line":15,"column":2},"end":{"line":19,"column":3}},"4":{"start":{"line":16,"column":4},"end":{"line":18,"column":7}},"5":{"start":{"line":21,"column":23},"end":{"line":21,"column":52}},"6":{"start":{"line":23,"column":2},"end":{"line":31,"column":3}},"7":{"start":{"line":24,"column":21},"end":{"line":24,"column":77}},"8":{"start":{"line":25,"column":4},"end":{"line":25,"column":30}},"9":{"start":{"line":26,"column":4},"end":{"line":26,"column":32}},"10":{"start":{"line":28,"column":4},"end":{"line":30,"column":7}},"11":{"start":{"line":33,"column":2},"end":{"line":33,"column":9}},"12":{"start":{"line":36,"column":0},"end":{"line":38,"column":2}}},"fnMap":{"0":{"name":"(anonymous_0)","decl":{"start":{"line":12,"column":24},"end":{"line":12,"column":25}},"loc":{"start":{"line":12,"column":44},"end":{"line":34,"column":1}},"line":12}},"branchMap":{"0":{"loc":{"start":{"line":15,"column":2},"end":{"line":19,"column":3}},"type":"if","locations":[{"start":{"line":15,"column":2},"end":{"line":19,"column":3}},{"start":{},"end":{}}],"line":15},"1":{"loc":{"start":{"line":15,"column":6},"end":{"line":15,"column":67}},"type":"binary-expr","locations":[{"start":{"line":15,"column":6},"end":{"line":15,"column":25}},{"start":{"line":15,"column":29},"end":{"line":15,"column":67}}],"line":15},"2":{"loc":{"start":{"line":25,"column":15},"end":{"line":25,"column":29}},"type":"binary-expr","locations":[{"start":{"line":25,"column":15},"end":{"line":25,"column":23}},{"start":{"line":25,"column":27},"end":{"line":25,"column":29}}],"line":25}},"s":{"0":5,"1":5,"2":35,"3":35,"4":9,"5":26,"6":26,"7":26,"8":25,"9":25,"10":1,"11":25,"12":5},"f":{"0":35},"b":{"0":[9,26],"1":[35,27],"2":[25,8]},"_coverageSchema":"1a1c01bbd47fc00a2c39e90264f33305004495a9","hash":"ba480e5d32e845dc2cc4f0eb4e39a848b8c38317"}
,"/home/rjmm/Documentos/proyectos/inventario/inventario_be_express/src/models/Bill.js": {"path":"/home/rjmm/Documentos/proyectos/inventario/inventario_be_express/src/models/Bill.js","statementMap":{"0":{"start":{"line":1,"column":26},"end":{"line":1,"column":45}},"1":{"start":{"line":54,"column":19},"end":{"line":76,"column":1}},"2":{"start":{"line":69,"column":8},"end":{"line":69,"column":53}},"3":{"start":{"line":70,"column":8},"end":{"line":70,"column":53}},"4":{"start":{"line":72,"column":8},"end":{"line":72,"column":20}},"5":{"start":{"line":78,"column":0},"end":{"line":78,"column":43}}},"fnMap":{"0":{"name":"(anonymous_0)","decl":{"start":{"line":68,"column":17},"end":{"line":68,"column":18}},"loc":{"start":{"line":68,"column":42},"end":{"line":73,"column":7}},"line":68}},"branchMap":{},"s":{"0":7,"1":7,"2":2,"3":2,"4":2,"5":7},"f":{"0":2},"b":{},"_coverageSchema":"1a1c01bbd47fc00a2c39e90264f33305004495a9","hash":"2e915a9dbc2bff5ca7d6ca7d30a9ca70cd223a22"}
,"/home/rjmm/Documentos/proyectos/inventario/inventario_be_express/src/models/PasswordReset.js": {"path":"/home/rjmm/Documentos/proyectos/inventario/inventario_be_express/src/models/PasswordReset.js","statementMap":{"0":{"start":{"line":1,"column":26},"end":{"line":1,"column":45}},"1":{"start":{"line":31,"column":28},"end":{"line":45,"column":2}},"2":{"start":{"line":47,"column":0},"end":{"line":47,"column":61}}},"fnMap":{},"branchMap":{},"s":{"0":8,"1":8,"2":8},"f":{},"b":{},"_coverageSchema":"1a1c01bbd47fc00a2c39e90264f33305004495a9","hash":"865a966c2f114defd11d683b65ce6dcee82ae21c"}
,"/home/rjmm/Documentos/proyectos/inventario/inventario_be_express/src/models/Price.js": {"path":"/home/rjmm/Documentos/proyectos/inventario/inventario_be_express/src/models/Price.js","statementMap":{"0":{"start":{"line":1,"column":26},"end":{"line":1,"column":45}},"1":{"start":{"line":2,"column":21},"end":{"line":2,"column":49}},"2":{"start":{"line":43,"column":20},"end":{"line":79,"column":1}},"3":{"start":{"line":72,"column":8},"end":{"line":72,"column":55}},"4":{"start":{"line":73,"column":8},"end":{"line":73,"column":55}},"5":{"start":{"line":75,"column":8},"end":{"line":75,"column":21}},"6":{"start":{"line":81,"column":0},"end":{"line":81,"column":45}}},"fnMap":{"0":{"name":"(anonymous_0)","decl":{"start":{"line":71,"column":17},"end":{"line":71,"column":18}},"loc":{"start":{"line":71,"column":44},"end":{"line":76,"column":7}},"line":71}},"branchMap":{},"s":{"0":9,"1":9,"2":9,"3":5,"4":5,"5":5,"6":9},"f":{"0":5},"b":{},"_coverageSchema":"1a1c01bbd47fc00a2c39e90264f33305004495a9","hash":"a532be53a4fd601638aaff3724141a76128c34ee"}
,"/home/rjmm/Documentos/proyectos/inventario/inventario_be_express/src/models/Product.js": {"path":"/home/rjmm/Documentos/proyectos/inventario/inventario_be_express/src/models/Product.js","statementMap":{"0":{"start":{"line":1,"column":26},"end":{"line":1,"column":45}},"1":{"start":{"line":40,"column":22},"end":{"line":70,"column":1}},"2":{"start":{"line":63,"column":8},"end":{"line":63,"column":59}},"3":{"start":{"line":64,"column":8},"end":{"line":64,"column":59}},"4":{"start":{"line":66,"column":8},"end":{"line":66,"column":23}},"5":{"start":{"line":72,"column":0},"end":{"line":72,"column":49}}},"fnMap":{"0":{"name":"(anonymous_0)","decl":{"start":{"line":62,"column":17},"end":{"line":62,"column":18}},"loc":{"start":{"line":62,"column":48},"end":{"line":67,"column":7}},"line":62}},"branchMap":{},"s":{"0":9,"1":9,"2":5,"3":5,"4":5,"5":9},"f":{"0":5},"b":{},"_coverageSchema":"1a1c01bbd47fc00a2c39e90264f33305004495a9","hash":"c53643a753b3da6f36e445baf87ff6160628b9f8"}
,"/home/rjmm/Documentos/proyectos/inventario/inventario_be_express/src/models/Sale.js": {"path":"/home/rjmm/Documentos/proyectos/inventario/inventario_be_express/src/models/Sale.js","statementMap":{"0":{"start":{"line":1,"column":26},"end":{"line":1,"column":45}},"1":{"start":{"line":2,"column":21},"end":{"line":2,"column":49}},"2":{"start":{"line":74,"column":19},"end":{"line":107,"column":1}},"3":{"start":{"line":109,"column":0},"end":{"line":109,"column":43}}},"fnMap":{},"branchMap":{},"s":{"0":8,"1":8,"2":8,"3":8},"f":{},"b":{},"_coverageSchema":"1a1c01bbd47fc00a2c39e90264f33305004495a9","hash":"93155f00c18f016e849d932e2bca97fb273d038a"}
,"/home/rjmm/Documentos/proyectos/inventario/inventario_be_express/src/models/User.js": {"path":"/home/rjmm/Documentos/proyectos/inventario/inventario_be_express/src/models/User.js","statementMap":{"0":{"start":{"line":1,"column":26},"end":{"line":1,"column":45}},"1":{"start":{"line":39,"column":19},"end":{"line":72,"column":1}},"2":{"start":{"line":58,"column":8},"end":{"line":58,"column":29}},"3":{"start":{"line":59,"column":8},"end":{"line":59,"column":53}},"4":{"start":{"line":60,"column":8},"end":{"line":60,"column":53}},"5":{"start":{"line":62,"column":8},"end":{"line":62,"column":20}},"6":{"start":{"line":67,"column":8},"end":{"line":67,"column":29}},"7":{"start":{"line":68,"column":8},"end":{"line":68,"column":20}},"8":{"start":{"line":74,"column":0},"end":{"line":74,"column":43}}},"fnMap":{"0":{"name":"(anonymous_0)","decl":{"start":{"line":57,"column":17},"end":{"line":57,"column":18}},"loc":{"start":{"line":57,"column":42},"end":{"line":63,"column":7}},"line":57},"1":{"name":"(anonymous_1)","decl":{"start":{"line":66,"column":17},"end":{"line":66,"column":18}},"loc":{"start":{"line":66,"column":36},"end":{"line":69,"column":7}},"line":66}},"branchMap":{},"s":{"0":9,"1":9,"2":3,"3":3,"4":3,"5":3,"6":2,"7":2,"8":9},"f":{"0":3,"1":2},"b":{},"_coverageSchema":"1a1c01bbd47fc00a2c39e90264f33305004495a9","hash":"08ada7f18be5b77e5238aade24417469426a9b06"}
,"/home/rjmm/Documentos/proyectos/inventario/inventario_be_express/src/routes/authentication.js": {"path":"/home/rjmm/Documentos/proyectos/inventario/inventario_be_express/src/routes/authentication.js","statementMap":{"0":{"start":{"line":1,"column":19},"end":{"line":1,"column":37}},"1":{"start":{"line":2,"column":63},"end":{"line":2,"column":103}},"2":{"start":{"line":4,"column":15},"end":{"line":4,"column":23}},"3":{"start":{"line":51,"column":0},"end":{"line":51,"column":32}},"4":{"start":{"line":90,"column":0},"end":{"line":90,"column":32}},"5":{"start":{"line":129,"column":0},"end":{"line":129,"column":46}},"6":{"start":{"line":182,"column":0},"end":{"line":182,"column":59}},"7":{"start":{"line":184,"column":0},"end":{"line":184,"column":24}}},"fnMap":{},"branchMap":{},"s":{"0":4,"1":4,"2":4,"3":4,"4":4,"5":4,"6":4,"7":4},"f":{},"b":{},"_coverageSchema":"1a1c01bbd47fc00a2c39e90264f33305004495a9","hash":"c6567fcfe19b6d9d890ae5ee405cfc3e98430bef"}
,"/home/rjmm/Documentos/proyectos/inventario/inventario_be_express/src/routes/bill.js": {"path":"/home/rjmm/Documentos/proyectos/inventario/inventario_be_express/src/routes/bill.js","statementMap":{"0":{"start":{"line":1,"column":19},"end":{"line":1,"column":37}},"1":{"start":{"line":6,"column":4},"end":{"line":6,"column":34}},"2":{"start":{"line":8,"column":15},"end":{"line":8,"column":23}},"3":{"start":{"line":44,"column":0},"end":{"line":44,"column":28}},"4":{"start":{"line":83,"column":0},"end":{"line":83,"column":28}},"5":{"start":{"line":113,"column":0},"end":{"line":113,"column":53}},"6":{"start":{"line":115,"column":0},"end":{"line":115,"column":24}}},"fnMap":{},"branchMap":{},"s":{"0":4,"1":4,"2":4,"3":4,"4":4,"5":4,"6":4},"f":{},"b":{},"_coverageSchema":"1a1c01bbd47fc00a2c39e90264f33305004495a9","hash":"3f2a16514f88956e28dba75788757c1894e68540"}
,"/home/rjmm/Documentos/proyectos/inventario/inventario_be_express/src/routes/index.js": {"path":"/home/rjmm/Documentos/proyectos/inventario/inventario_be_express/src/routes/index.js","statementMap":{"0":{"start":{"line":1,"column":16},"end":{"line":1,"column":34}},"1":{"start":{"line":2,"column":22},"end":{"line":2,"column":39}},"2":{"start":{"line":3,"column":28},"end":{"line":3,"column":67}},"3":{"start":{"line":5,"column":15},"end":{"line":5,"column":31}},"4":{"start":{"line":18,"column":0},"end":{"line":18,"column":49}},"5":{"start":{"line":19,"column":0},"end":{"line":19,"column":45}},"6":{"start":{"line":20,"column":0},"end":{"line":20,"column":60}},"7":{"start":{"line":21,"column":0},"end":{"line":21,"column":58}},"8":{"start":{"line":22,"column":0},"end":{"line":22,"column":34}},"9":{"start":{"line":24,"column":0},"end":{"line":24,"column":24}}},"fnMap":{},"branchMap":{},"s":{"0":4,"1":4,"2":4,"3":4,"4":4,"5":4,"6":4,"7":4,"8":4,"9":4},"f":{},"b":{},"_coverageSchema":"1a1c01bbd47fc00a2c39e90264f33305004495a9","hash":"cad9ba75b202c8bba09b007637ba35adb61aa0ce"}
,"/home/rjmm/Documentos/proyectos/inventario/inventario_be_express/src/routes/price.js": {"path":"/home/rjmm/Documentos/proyectos/inventario/inventario_be_express/src/routes/price.js","statementMap":{"0":{"start":{"line":1,"column":19},"end":{"line":1,"column":37}},"1":{"start":{"line":6,"column":4},"end":{"line":6,"column":35}},"2":{"start":{"line":7,"column":28},"end":{"line":7,"column":67}},"3":{"start":{"line":9,"column":15},"end":{"line":9,"column":23}},"4":{"start":{"line":35,"column":0},"end":{"line":35,"column":37}},"5":{"start":{"line":65,"column":0},"end":{"line":65,"column":74}},"6":{"start":{"line":108,"column":0},"end":{"line":108,"column":66}},"7":{"start":{"line":110,"column":0},"end":{"line":110,"column":24}}},"fnMap":{},"branchMap":{},"s":{"0":4,"1":4,"2":4,"3":4,"4":4,"5":4,"6":4,"7":4},"f":{},"b":{},"_coverageSchema":"1a1c01bbd47fc00a2c39e90264f33305004495a9","hash":"6a1c7ee2b2e97cbee49e8c0ed8197a1737cb7605"}
,"/home/rjmm/Documentos/proyectos/inventario/inventario_be_express/src/routes/product.js": {"path":"/home/rjmm/Documentos/proyectos/inventario/inventario_be_express/src/routes/product.js","statementMap":{"0":{"start":{"line":1,"column":19},"end":{"line":1,"column":37}},"1":{"start":{"line":2,"column":74},"end":{"line":2,"column":107}},"2":{"start":{"line":3,"column":28},"end":{"line":3,"column":67}},"3":{"start":{"line":5,"column":15},"end":{"line":5,"column":23}},"4":{"start":{"line":44,"column":0},"end":{"line":44,"column":47}},"5":{"start":{"line":92,"column":0},"end":{"line":92,"column":50}},"6":{"start":{"line":122,"column":0},"end":{"line":122,"column":60}},"7":{"start":{"line":162,"column":0},"end":{"line":162,"column":64}},"8":{"start":{"line":164,"column":0},"end":{"line":164,"column":24}}},"fnMap":{},"branchMap":{},"s":{"0":4,"1":4,"2":4,"3":4,"4":4,"5":4,"6":4,"7":4,"8":4},"f":{},"b":{},"_coverageSchema":"1a1c01bbd47fc00a2c39e90264f33305004495a9","hash":"a89d4300c2a143c34bb7d66a165b20f0ed00c353"}
,"/home/rjmm/Documentos/proyectos/inventario/inventario_be_express/src/services/AuthenticationService.js": {"path":"/home/rjmm/Documentos/proyectos/inventario/inventario_be_express/src/services/AuthenticationService.js","statementMap":{"0":{"start":{"line":1,"column":12},"end":{"line":1,"column":35}},"1":{"start":{"line":2,"column":15},"end":{"line":2,"column":32}},"2":{"start":{"line":9,"column":20},"end":{"line":9,"column":57}},"3":{"start":{"line":10,"column":23},"end":{"line":10,"column":27}},"4":{"start":{"line":11,"column":18},"end":{"line":11,"column":20}},"5":{"start":{"line":14,"column":8},"end":{"line":16,"column":9}},"6":{"start":{"line":15,"column":12},"end":{"line":15,"column":56}},"7":{"start":{"line":18,"column":8},"end":{"line":18,"column":29}},"8":{"start":{"line":22,"column":8},"end":{"line":22,"column":29}},"9":{"start":{"line":34,"column":8},"end":{"line":34,"column":50}},"10":{"start":{"line":45,"column":8},"end":{"line":45,"column":69}},"11":{"start":{"line":55,"column":8},"end":{"line":55,"column":63}},"12":{"start":{"line":66,"column":8},"end":{"line":72,"column":10}},"13":{"start":{"line":76,"column":0},"end":{"line":76,"column":39}}},"fnMap":{"0":{"name":"(anonymous_0)","decl":{"start":{"line":13,"column":4},"end":{"line":13,"column":5}},"loc":{"start":{"line":13,"column":25},"end":{"line":19,"column":5}},"line":13},"1":{"name":"(anonymous_1)","decl":{"start":{"line":21,"column":4},"end":{"line":21,"column":5}},"loc":{"start":{"line":21,"column":29},"end":{"line":23,"column":5}},"line":21},"2":{"name":"(anonymous_2)","decl":{"start":{"line":33,"column":4},"end":{"line":33,"column":5}},"loc":{"start":{"line":33,"column":39},"end":{"line":35,"column":5}},"line":33},"3":{"name":"(anonymous_3)","decl":{"start":{"line":44,"column":4},"end":{"line":44,"column":5}},"loc":{"start":{"line":44,"column":35},"end":{"line":46,"column":5}},"line":44},"4":{"name":"(anonymous_4)","decl":{"start":{"line":54,"column":4},"end":{"line":54,"column":5}},"loc":{"start":{"line":54,"column":30},"end":{"line":56,"column":5}},"line":54},"5":{"name":"(anonymous_5)","decl":{"start":{"line":65,"column":4},"end":{"line":65,"column":5}},"loc":{"start":{"line":65,"column":31},"end":{"line":73,"column":5}},"line":65}},"branchMap":{"0":{"loc":{"start":{"line":14,"column":8},"end":{"line":16,"column":9}},"type":"if","locations":[{"start":{"line":14,"column":8},"end":{"line":16,"column":9}},{"start":{},"end":{}}],"line":14}},"s":{"0":9,"1":9,"2":9,"3":9,"4":9,"5":17,"6":11,"7":17,"8":17,"9":4,"10":5,"11":2,"12":2,"13":9},"f":{"0":17,"1":17,"2":4,"3":5,"4":2,"5":2},"b":{"0":[11,6]},"_coverageSchema":"1a1c01bbd47fc00a2c39e90264f33305004495a9","hash":"0cdb30487a8dd31ba5e88baa39c14b75166d563e"}
,"/home/rjmm/Documentos/proyectos/inventario/inventario_be_express/src/services/BillService.js": {"path":"/home/rjmm/Documentos/proyectos/inventario/inventario_be_express/src/services/BillService.js","statementMap":{"0":{"start":{"line":1,"column":18},"end":{"line":1,"column":37}},"1":{"start":{"line":2,"column":13},"end":{"line":2,"column":38}},"2":{"start":{"line":3,"column":16},"end":{"line":3,"column":44}},"3":{"start":{"line":12,"column":8},"end":{"line":14,"column":9}},"4":{"start":{"line":13,"column":12},"end":{"line":13,"column":46}},"5":{"start":{"line":16,"column":8},"end":{"line":16,"column":29}},"6":{"start":{"line":20,"column":8},"end":{"line":20,"column":29}},"7":{"start":{"line":30,"column":8},"end":{"line":32,"column":18}},"8":{"start":{"line":43,"column":8},"end":{"line":43,"column":51}},"9":{"start":{"line":52,"column":8},"end":{"line":52,"column":44}},"10":{"start":{"line":63,"column":29},"end":{"line":88,"column":10}},"11":{"start":{"line":90,"column":8},"end":{"line":90,"column":72}},"12":{"start":{"line":92,"column":8},"end":{"line":92,"column":26}},"13":{"start":{"line":96,"column":0},"end":{"line":96,"column":29}}},"fnMap":{"0":{"name":"(anonymous_0)","decl":{"start":{"line":11,"column":4},"end":{"line":11,"column":5}},"loc":{"start":{"line":11,"column":25},"end":{"line":17,"column":5}},"line":11},"1":{"name":"(anonymous_1)","decl":{"start":{"line":19,"column":4},"end":{"line":19,"column":5}},"loc":{"start":{"line":19,"column":29},"end":{"line":21,"column":5}},"line":19},"2":{"name":"(anonymous_2)","decl":{"start":{"line":29,"column":4},"end":{"line":29,"column":5}},"loc":{"start":{"line":29,"column":23},"end":{"line":33,"column":5}},"line":29},"3":{"name":"(anonymous_3)","decl":{"start":{"line":42,"column":4},"end":{"line":42,"column":5}},"loc":{"start":{"line":42,"column":26},"end":{"line":44,"column":5}},"line":42},"4":{"name":"(anonymous_4)","decl":{"start":{"line":51,"column":4},"end":{"line":51,"column":5}},"loc":{"start":{"line":51,"column":17},"end":{"line":53,"column":5}},"line":51},"5":{"name":"(anonymous_5)","decl":{"start":{"line":62,"column":4},"end":{"line":62,"column":5}},"loc":{"start":{"line":62,"column":36},"end":{"line":93,"column":5}},"line":62}},"branchMap":{"0":{"loc":{"start":{"line":12,"column":8},"end":{"line":14,"column":9}},"type":"if","locations":[{"start":{"line":12,"column":8},"end":{"line":14,"column":9}},{"start":{},"end":{}}],"line":12}},"s":{"0":6,"1":6,"2":6,"3":14,"4":11,"5":14,"6":19,"7":2,"8":4,"9":3,"10":2,"11":2,"12":2,"13":6},"f":{"0":14,"1":19,"2":2,"3":4,"4":3,"5":2},"b":{"0":[11,3]},"_coverageSchema":"1a1c01bbd47fc00a2c39e90264f33305004495a9","hash":"1f54e765905225d084ee1f1cb4d81d292c418b04"}
,"/home/rjmm/Documentos/proyectos/inventario/inventario_be_express/src/services/EmailService.js": {"path":"/home/rjmm/Documentos/proyectos/inventario/inventario_be_express/src/services/EmailService.js","statementMap":{"0":{"start":{"line":1,"column":19},"end":{"line":1,"column":40}},"1":{"start":{"line":3,"column":20},"end":{"line":3,"column":54}},"2":{"start":{"line":4,"column":29},"end":{"line":4,"column":72}},"3":{"start":{"line":5,"column":26},"end":{"line":5,"column":52}},"4":{"start":{"line":16,"column":8},"end":{"line":23,"column":11}},"5":{"start":{"line":27,"column":8},"end":{"line":29,"column":9}},"6":{"start":{"line":28,"column":12},"end":{"line":28,"column":41}},"7":{"start":{"line":31,"column":8},"end":{"line":31,"column":29}},"8":{"start":{"line":35,"column":8},"end":{"line":35,"column":29}},"9":{"start":{"line":48,"column":8},"end":{"line":52,"column":11}},"10":{"start":{"line":63,"column":8},"end":{"line":63,"column":61}},"11":{"start":{"line":74,"column":28},"end":{"line":74,"column":53}},"12":{"start":{"line":75,"column":37},"end":{"line":75,"column":71}},"13":{"start":{"line":77,"column":21},"end":{"line":77,"column":60}},"14":{"start":{"line":79,"column":8},"end":{"line":81,"column":9}},"15":{"start":{"line":80,"column":12},"end":{"line":80,"column":19}},"16":{"start":{"line":83,"column":8},"end":{"line":83,"column":65}},"17":{"start":{"line":85,"column":22},"end":{"line":85,"column":38}},"18":{"start":{"line":87,"column":8},"end":{"line":87,"column":72}},"19":{"start":{"line":89,"column":8},"end":{"line":89,"column":56}},"20":{"start":{"line":93,"column":0},"end":{"line":93,"column":24}}},"fnMap":{"0":{"name":"(anonymous_0)","decl":{"start":{"line":15,"column":4},"end":{"line":15,"column":5}},"loc":{"start":{"line":15,"column":18},"end":{"line":24,"column":5}},"line":15},"1":{"name":"(anonymous_1)","decl":{"start":{"line":26,"column":4},"end":{"line":26,"column":5}},"loc":{"start":{"line":26,"column":25},"end":{"line":32,"column":5}},"line":26},"2":{"name":"(anonymous_2)","decl":{"start":{"line":34,"column":4},"end":{"line":34,"column":5}},"loc":{"start":{"line":34,"column":29},"end":{"line":36,"column":5}},"line":34},"3":{"name":"(anonymous_3)","decl":{"start":{"line":47,"column":4},"end":{"line":47,"column":5}},"loc":{"start":{"line":47,"column":42},"end":{"line":53,"column":5}},"line":47},"4":{"name":"(anonymous_4)","decl":{"start":{"line":62,"column":4},"end":{"line":62,"column":5}},"loc":{"start":{"line":62,"column":47},"end":{"line":64,"column":5}},"line":62},"5":{"name":"(anonymous_5)","decl":{"start":{"line":73,"column":4},"end":{"line":73,"column":5}},"loc":{"start":{"line":73,"column":44},"end":{"line":90,"column":5}},"line":73}},"branchMap":{"0":{"loc":{"start":{"line":27,"column":8},"end":{"line":29,"column":9}},"type":"if","locations":[{"start":{"line":27,"column":8},"end":{"line":29,"column":9}},{"start":{},"end":{}}],"line":27},"1":{"loc":{"start":{"line":79,"column":8},"end":{"line":81,"column":9}},"type":"if","locations":[{"start":{"line":79,"column":8},"end":{"line":81,"column":9}},{"start":{},"end":{}}],"line":79}},"s":{"0":6,"1":6,"2":6,"3":6,"4":8,"5":10,"6":8,"7":10,"8":13,"9":4,"10":3,"11":4,"12":4,"13":4,"14":4,"15":2,"16":2,"17":2,"18":2,"19":2,"20":6},"f":{"0":8,"1":10,"2":13,"3":4,"4":3,"5":4},"b":{"0":[8,2],"1":[2,2]},"_coverageSchema":"1a1c01bbd47fc00a2c39e90264f33305004495a9","hash":"4e9bed633f8d21c871576a8a66279e8a873b9e51"}
,"/home/rjmm/Documentos/proyectos/inventario/inventario_be_express/src/services/PasswordResetService.js": {"path":"/home/rjmm/Documentos/proyectos/inventario/inventario_be_express/src/services/PasswordResetService.js","statementMap":{"0":{"start":{"line":1,"column":22},"end":{"line":1,"column":56}},"1":{"start":{"line":2,"column":20},"end":{"line":2,"column":54}},"2":{"start":{"line":3,"column":23},"end":{"line":3,"column":49}},"3":{"start":{"line":4,"column":38},"end":{"line":4,"column":62}},"4":{"start":{"line":11,"column":23},"end":{"line":11,"column":37}},"5":{"start":{"line":14,"column":8},"end":{"line":16,"column":9}},"6":{"start":{"line":15,"column":12},"end":{"line":15,"column":55}},"7":{"start":{"line":18,"column":8},"end":{"line":18,"column":29}},"8":{"start":{"line":22,"column":8},"end":{"line":22,"column":29}},"9":{"start":{"line":26,"column":8},"end":{"line":29,"column":18}},"10":{"start":{"line":33,"column":8},"end":{"line":38,"column":11}},"11":{"start":{"line":42,"column":28},"end":{"line":42,"column":53}},"12":{"start":{"line":44,"column":21},"end":{"line":44,"column":64}},"13":{"start":{"line":46,"column":8},"end":{"line":48,"column":9}},"14":{"start":{"line":47,"column":12},"end":{"line":47,"column":46}},"15":{"start":{"line":50,"column":30},"end":{"line":50,"column":75}},"16":{"start":{"line":52,"column":8},"end":{"line":54,"column":9}},"17":{"start":{"line":53,"column":12},"end":{"line":53,"column":56}},"18":{"start":{"line":56,"column":26},"end":{"line":56,"column":43}},"19":{"start":{"line":58,"column":8},"end":{"line":60,"column":9}},"20":{"start":{"line":59,"column":12},"end":{"line":59,"column":50}},"21":{"start":{"line":62,"column":8},"end":{"line":62,"column":49}},"22":{"start":{"line":66,"column":8},"end":{"line":66,"column":51}},"23":{"start":{"line":70,"column":0},"end":{"line":70,"column":38}}},"fnMap":{"0":{"name":"(anonymous_0)","decl":{"start":{"line":13,"column":4},"end":{"line":13,"column":5}},"loc":{"start":{"line":13,"column":25},"end":{"line":19,"column":5}},"line":13},"1":{"name":"(anonymous_1)","decl":{"start":{"line":21,"column":4},"end":{"line":21,"column":5}},"loc":{"start":{"line":21,"column":29},"end":{"line":23,"column":5}},"line":21},"2":{"name":"(anonymous_2)","decl":{"start":{"line":25,"column":4},"end":{"line":25,"column":5}},"loc":{"start":{"line":25,"column":39},"end":{"line":30,"column":5}},"line":25},"3":{"name":"(anonymous_3)","decl":{"start":{"line":32,"column":4},"end":{"line":32,"column":5}},"loc":{"start":{"line":32,"column":37},"end":{"line":39,"column":5}},"line":32},"4":{"name":"(anonymous_4)","decl":{"start":{"line":41,"column":4},"end":{"line":41,"column":5}},"loc":{"start":{"line":41,"column":49},"end":{"line":63,"column":5}},"line":41},"5":{"name":"(anonymous_5)","decl":{"start":{"line":65,"column":4},"end":{"line":65,"column":5}},"loc":{"start":{"line":65,"column":32},"end":{"line":67,"column":5}},"line":65}},"branchMap":{"0":{"loc":{"start":{"line":14,"column":8},"end":{"line":16,"column":9}},"type":"if","locations":[{"start":{"line":14,"column":8},"end":{"line":16,"column":9}},{"start":{},"end":{}}],"line":14},"1":{"loc":{"start":{"line":46,"column":8},"end":{"line":48,"column":9}},"type":"if","locations":[{"start":{"line":46,"column":8},"end":{"line":48,"column":9}},{"start":{},"end":{}}],"line":46},"2":{"loc":{"start":{"line":52,"column":8},"end":{"line":54,"column":9}},"type":"if","locations":[{"start":{"line":52,"column":8},"end":{"line":54,"column":9}},{"start":{},"end":{}}],"line":52},"3":{"loc":{"start":{"line":58,"column":8},"end":{"line":60,"column":9}},"type":"if","locations":[{"start":{"line":58,"column":8},"end":{"line":60,"column":9}},{"start":{},"end":{}}],"line":58}},"s":{"0":7,"1":7,"2":7,"3":7,"4":7,"5":18,"6":14,"7":18,"8":33,"9":3,"10":7,"11":6,"12":6,"13":5,"14":0,"15":5,"16":5,"17":3,"18":2,"19":2,"20":1,"21":1,"22":4,"23":7},"f":{"0":18,"1":33,"2":3,"3":7,"4":6,"5":4},"b":{"0":[14,4],"1":[0,5],"2":[3,2],"3":[1,1]},"_coverageSchema":"1a1c01bbd47fc00a2c39e90264f33305004495a9","hash":"871be0187de97b0e1d6fe4d2ba6df0206e52ab86"}
,"/home/rjmm/Documentos/proyectos/inventario/inventario_be_express/src/services/PriceService.js": {"path":"/home/rjmm/Documentos/proyectos/inventario/inventario_be_express/src/services/PriceService.js","statementMap":{"0":{"start":{"line":1,"column":14},"end":{"line":1,"column":40}},"1":{"start":{"line":10,"column":8},"end":{"line":12,"column":9}},"2":{"start":{"line":11,"column":12},"end":{"line":11,"column":47}},"3":{"start":{"line":14,"column":8},"end":{"line":14,"column":29}},"4":{"start":{"line":18,"column":8},"end":{"line":18,"column":29}},"5":{"start":{"line":28,"column":8},"end":{"line":28,"column":44}},"6":{"start":{"line":39,"column":8},"end":{"line":39,"column":53}},"7":{"start":{"line":49,"column":8},"end":{"line":49,"column":43}},"8":{"start":{"line":53,"column":0},"end":{"line":53,"column":30}}},"fnMap":{"0":{"name":"(anonymous_0)","decl":{"start":{"line":9,"column":4},"end":{"line":9,"column":5}},"loc":{"start":{"line":9,"column":25},"end":{"line":15,"column":5}},"line":9},"1":{"name":"(anonymous_1)","decl":{"start":{"line":17,"column":4},"end":{"line":17,"column":5}},"loc":{"start":{"line":17,"column":29},"end":{"line":19,"column":5}},"line":17},"2":{"name":"(anonymous_2)","decl":{"start":{"line":27,"column":4},"end":{"line":27,"column":5}},"loc":{"start":{"line":27,"column":35},"end":{"line":29,"column":5}},"line":27},"3":{"name":"(anonymous_3)","decl":{"start":{"line":38,"column":4},"end":{"line":38,"column":5}},"loc":{"start":{"line":38,"column":39},"end":{"line":40,"column":5}},"line":38},"4":{"name":"(anonymous_4)","decl":{"start":{"line":48,"column":4},"end":{"line":48,"column":5}},"loc":{"start":{"line":48,"column":27},"end":{"line":50,"column":5}},"line":48}},"branchMap":{"0":{"loc":{"start":{"line":10,"column":8},"end":{"line":12,"column":9}},"type":"if","locations":[{"start":{"line":10,"column":8},"end":{"line":12,"column":9}},{"start":{},"end":{}}],"line":10}},"s":{"0":7,"1":16,"2":10,"3":16,"4":15,"5":4,"6":5,"7":3,"8":7},"f":{"0":16,"1":15,"2":4,"3":5,"4":3},"b":{"0":[10,6]},"_coverageSchema":"1a1c01bbd47fc00a2c39e90264f33305004495a9","hash":"a527d44ac5af2b84a58b96c602e174a99b723936"}
,"/home/rjmm/Documentos/proyectos/inventario/inventario_be_express/src/services/ProductService.js": {"path":"/home/rjmm/Documentos/proyectos/inventario/inventario_be_express/src/services/ProductService.js","statementMap":{"0":{"start":{"line":1,"column":16},"end":{"line":1,"column":44}},"1":{"start":{"line":10,"column":8},"end":{"line":12,"column":9}},"2":{"start":{"line":11,"column":12},"end":{"line":11,"column":49}},"3":{"start":{"line":14,"column":8},"end":{"line":14,"column":29}},"4":{"start":{"line":18,"column":8},"end":{"line":18,"column":29}},"5":{"start":{"line":29,"column":8},"end":{"line":29,"column":54}},"6":{"start":{"line":38,"column":8},"end":{"line":38,"column":47}},"7":{"start":{"line":48,"column":8},"end":{"line":48,"column":43}},"8":{"start":{"line":58,"column":8},"end":{"line":58,"column":47}},"9":{"start":{"line":62,"column":0},"end":{"line":62,"column":32}}},"fnMap":{"0":{"name":"(anonymous_0)","decl":{"start":{"line":9,"column":4},"end":{"line":9,"column":5}},"loc":{"start":{"line":9,"column":25},"end":{"line":15,"column":5}},"line":9},"1":{"name":"(anonymous_1)","decl":{"start":{"line":17,"column":4},"end":{"line":17,"column":5}},"loc":{"start":{"line":17,"column":29},"end":{"line":19,"column":5}},"line":17},"2":{"name":"(anonymous_2)","decl":{"start":{"line":28,"column":4},"end":{"line":28,"column":5}},"loc":{"start":{"line":28,"column":29},"end":{"line":30,"column":5}},"line":28},"3":{"name":"(anonymous_3)","decl":{"start":{"line":37,"column":4},"end":{"line":37,"column":5}},"loc":{"start":{"line":37,"column":20},"end":{"line":39,"column":5}},"line":37},"4":{"name":"(anonymous_4)","decl":{"start":{"line":47,"column":4},"end":{"line":47,"column":5}},"loc":{"start":{"line":47,"column":30},"end":{"line":49,"column":5}},"line":47},"5":{"name":"(anonymous_5)","decl":{"start":{"line":57,"column":4},"end":{"line":57,"column":5}},"loc":{"start":{"line":57,"column":31},"end":{"line":59,"column":5}},"line":57}},"branchMap":{"0":{"loc":{"start":{"line":10,"column":8},"end":{"line":12,"column":9}},"type":"if","locations":[{"start":{"line":10,"column":8},"end":{"line":12,"column":9}},{"start":{},"end":{}}],"line":10}},"s":{"0":6,"1":20,"2":12,"3":20,"4":21,"5":4,"6":3,"7":7,"8":3,"9":6},"f":{"0":20,"1":21,"2":4,"3":3,"4":7,"5":3},"b":{"0":[12,8]},"_coverageSchema":"1a1c01bbd47fc00a2c39e90264f33305004495a9","hash":"b631d7cce6d4501cbe226fb4f73caa9934571367"}
,"/home/rjmm/Documentos/proyectos/inventario/inventario_be_express/src/services/SaleService.js": {"path":"/home/rjmm/Documentos/proyectos/inventario/inventario_be_express/src/services/SaleService.js","statementMap":{"0":{"start":{"line":1,"column":13},"end":{"line":1,"column":38}},"1":{"start":{"line":10,"column":8},"end":{"line":12,"column":9}},"2":{"start":{"line":11,"column":12},"end":{"line":11,"column":46}},"3":{"start":{"line":14,"column":8},"end":{"line":14,"column":29}},"4":{"start":{"line":18,"column":8},"end":{"line":18,"column":29}},"5":{"start":{"line":28,"column":8},"end":{"line":28,"column":41}},"6":{"start":{"line":38,"column":8},"end":{"line":38,"column":37}},"7":{"start":{"line":42,"column":0},"end":{"line":42,"column":29}}},"fnMap":{"0":{"name":"(anonymous_0)","decl":{"start":{"line":9,"column":4},"end":{"line":9,"column":5}},"loc":{"start":{"line":9,"column":25},"end":{"line":15,"column":5}},"line":9},"1":{"name":"(anonymous_1)","decl":{"start":{"line":17,"column":4},"end":{"line":17,"column":5}},"loc":{"start":{"line":17,"column":29},"end":{"line":19,"column":5}},"line":17},"2":{"name":"(anonymous_2)","decl":{"start":{"line":27,"column":4},"end":{"line":27,"column":5}},"loc":{"start":{"line":27,"column":25},"end":{"line":29,"column":5}},"line":27},"3":{"name":"(anonymous_3)","decl":{"start":{"line":37,"column":4},"end":{"line":37,"column":5}},"loc":{"start":{"line":37,"column":29},"end":{"line":39,"column":5}},"line":37}},"branchMap":{"0":{"loc":{"start":{"line":10,"column":8},"end":{"line":12,"column":9}},"type":"if","locations":[{"start":{"line":10,"column":8},"end":{"line":12,"column":9}},{"start":{},"end":{}}],"line":10}},"s":{"0":6,"1":8,"2":7,"3":8,"4":11,"5":2,"6":2,"7":6},"f":{"0":8,"1":11,"2":2,"3":2},"b":{"0":[7,1]},"_coverageSchema":"1a1c01bbd47fc00a2c39e90264f33305004495a9","hash":"edc20abc40d0ef8dcb9b87046435b93a098634c1"}
,"/home/rjmm/Documentos/proyectos/inventario/inventario_be_express/src/services/UserService.js": {"path":"/home/rjmm/Documentos/proyectos/inventario/inventario_be_express/src/services/UserService.js","statementMap":{"0":{"start":{"line":1,"column":15},"end":{"line":1,"column":32}},"1":{"start":{"line":2,"column":13},"end":{"line":2,"column":38}},"2":{"start":{"line":3,"column":30},"end":{"line":3,"column":64}},"3":{"start":{"line":12,"column":8},"end":{"line":14,"column":9}},"4":{"start":{"line":13,"column":12},"end":{"line":13,"column":46}},"5":{"start":{"line":16,"column":8},"end":{"line":16,"column":29}},"6":{"start":{"line":20,"column":8},"end":{"line":20,"column":29}},"7":{"start":{"line":24,"column":38},"end":{"line":24,"column":73}},"8":{"start":{"line":26,"column":8},"end":{"line":29,"column":18}},"9":{"start":{"line":38,"column":8},"end":{"line":38,"column":42}},"10":{"start":{"line":47,"column":21},"end":{"line":47,"column":53}},"11":{"start":{"line":49,"column":8},"end":{"line":51,"column":9}},"12":{"start":{"line":50,"column":12},"end":{"line":50,"column":46}},"13":{"start":{"line":53,"column":8},"end":{"line":53,"column":20}},"14":{"start":{"line":57,"column":8},"end":{"line":60,"column":10}},"15":{"start":{"line":64,"column":0},"end":{"line":64,"column":29}}},"fnMap":{"0":{"name":"(anonymous_0)","decl":{"start":{"line":11,"column":4},"end":{"line":11,"column":5}},"loc":{"start":{"line":11,"column":25},"end":{"line":17,"column":5}},"line":11},"1":{"name":"(anonymous_1)","decl":{"start":{"line":19,"column":4},"end":{"line":19,"column":5}},"loc":{"start":{"line":19,"column":29},"end":{"line":21,"column":5}},"line":19},"2":{"name":"(anonymous_2)","decl":{"start":{"line":23,"column":4},"end":{"line":23,"column":5}},"loc":{"start":{"line":23,"column":32},"end":{"line":30,"column":5}},"line":23},"3":{"name":"(anonymous_3)","decl":{"start":{"line":37,"column":4},"end":{"line":37,"column":5}},"loc":{"start":{"line":37,"column":29},"end":{"line":39,"column":5}},"line":37},"4":{"name":"(anonymous_4)","decl":{"start":{"line":46,"column":4},"end":{"line":46,"column":5}},"loc":{"start":{"line":46,"column":36},"end":{"line":54,"column":5}},"line":46},"5":{"name":"(anonymous_5)","decl":{"start":{"line":56,"column":4},"end":{"line":56,"column":5}},"loc":{"start":{"line":56,"column":46},"end":{"line":61,"column":5}},"line":56}},"branchMap":{"0":{"loc":{"start":{"line":12,"column":8},"end":{"line":14,"column":9}},"type":"if","locations":[{"start":{"line":12,"column":8},"end":{"line":14,"column":9}},{"start":{},"end":{}}],"line":12},"1":{"loc":{"start":{"line":49,"column":8},"end":{"line":51,"column":9}},"type":"if","locations":[{"start":{"line":49,"column":8},"end":{"line":51,"column":9}},{"start":{},"end":{}}],"line":49}},"s":{"0":8,"1":8,"2":8,"3":26,"4":16,"5":26,"6":49,"7":4,"8":4,"9":17,"10":11,"11":11,"12":3,"13":8,"14":1,"15":8},"f":{"0":26,"1":49,"2":4,"3":17,"4":11,"5":1},"b":{"0":[16,10],"1":[3,8]},"_coverageSchema":"1a1c01bbd47fc00a2c39e90264f33305004495a9","hash":"0c1c201d7e54e58bc2d809f13ffb1e463c093bb0"}
,"/home/rjmm/Documentos/proyectos/inventario/inventario_be_express/src/utils/color.js": {"path":"/home/rjmm/Documentos/proyectos/inventario/inventario_be_express/src/utils/color.js","statementMap":{"0":{"start":{"line":1,"column":21},"end":{"line":1,"column":30}},"1":{"start":{"line":2,"column":0},"end":{"line":2,"column":72}},"2":{"start":{"line":2,"column":32},"end":{"line":2,"column":71}},"3":{"start":{"line":3,"column":0},"end":{"line":3,"column":68}},"4":{"start":{"line":3,"column":28},"end":{"line":3,"column":67}}},"fnMap":{"0":{"name":"(anonymous_0)","decl":{"start":{"line":2,"column":22},"end":{"line":2,"column":23}},"loc":{"start":{"line":2,"column":32},"end":{"line":2,"column":71}},"line":2},"1":{"name":"(anonymous_1)","decl":{"start":{"line":3,"column":20},"end":{"line":3,"column":21}},"loc":{"start":{"line":3,"column":28},"end":{"line":3,"column":67}},"line":3}},"branchMap":{},"s":{"0":25,"1":25,"2":0,"3":25,"4":2},"f":{"0":0,"1":2},"b":{},"_coverageSchema":"1a1c01bbd47fc00a2c39e90264f33305004495a9","hash":"69b53e14f8d2c3db9ffb58bd6576fcced3c56b20"}
,"/home/rjmm/Documentos/proyectos/inventario/inventario_be_express/src/utils/date.js": {"path":"/home/rjmm/Documentos/proyectos/inventario/inventario_be_express/src/utils/date.js","statementMap":{"0":{"start":{"line":1,"column":34},"end":{"line":1,"column":67}},"1":{"start":{"line":1,"column":42},"end":{"line":1,"column":67}},"2":{"start":{"line":3,"column":0},"end":{"line":5,"column":1}}},"fnMap":{"0":{"name":"(anonymous_0)","decl":{"start":{"line":1,"column":34},"end":{"line":1,"column":35}},"loc":{"start":{"line":1,"column":42},"end":{"line":1,"column":67}},"line":1}},"branchMap":{},"s":{"0":8,"1":10,"2":8},"f":{"0":10},"b":{},"_coverageSchema":"1a1c01bbd47fc00a2c39e90264f33305004495a9","hash":"a5a2def8ea5a1d8eaf096e22b01e41c27c9f485a"}
,"/home/rjmm/Documentos/proyectos/inventario/inventario_be_express/src/utils/random.js": {"path":"/home/rjmm/Documentos/proyectos/inventario/inventario_be_express/src/utils/random.js","statementMap":{"0":{"start":{"line":1,"column":15},"end":{"line":1,"column":37}},"1":{"start":{"line":3,"column":22},"end":{"line":3,"column":76}},"2":{"start":{"line":3,"column":36},"end":{"line":3,"column":76}},"3":{"start":{"line":4,"column":19},"end":{"line":7,"column":18}},"4":{"start":{"line":4,"column":29},"end":{"line":7,"column":18}},"5":{"start":{"line":9,"column":0},"end":{"line":12,"column":2}}},"fnMap":{"0":{"name":"(anonymous_0)","decl":{"start":{"line":3,"column":22},"end":{"line":3,"column":23}},"loc":{"start":{"line":3,"column":36},"end":{"line":3,"column":76}},"line":3},"1":{"name":"(anonymous_1)","decl":{"start":{"line":4,"column":19},"end":{"line":4,"column":20}},"loc":{"start":{"line":4,"column":29},"end":{"line":7,"column":18}},"line":4}},"branchMap":{"0":{"loc":{"start":{"line":3,"column":23},"end":{"line":3,"column":31}},"type":"default-arg","locations":[{"start":{"line":3,"column":30},"end":{"line":3,"column":31}}],"line":3}},"s":{"0":9,"1":9,"2":6,"3":9,"4":16,"5":9},"f":{"0":6,"1":16},"b":{"0":[3]},"_coverageSchema":"1a1c01bbd47fc00a2c39e90264f33305004495a9","hash":"8aed824745751382f844b505df48fce993e6d2d4"}
,"/home/rjmm/Documentos/proyectos/inventario/inventario_be_express/src/utils/scripts/random.js": {"path":"/home/rjmm/Documentos/proyectos/inventario/inventario_be_express/src/utils/scripts/random.js","statementMap":{"0":{"start":{"line":6,"column":15},"end":{"line":6,"column":32}},"1":{"start":{"line":8,"column":0},"end":{"line":8,"column":55}}},"fnMap":{},"branchMap":{},"s":{"0":0,"1":0},"f":{},"b":{}}
}
