TN:
SF:src/api.js
FNF:0
FNH:0
DA:1,4
DA:2,4
DA:3,4
DA:4,4
DA:6,4
DA:11,4
DA:25,4
DA:27,4
DA:29,4
LF:9
LH:9
BRF:0
BRH:0
end_of_record
TN:
SF:src/config.js
FNF:0
FNH:0
DA:1,25
DA:2,25
DA:3,25
DA:4,25
DA:6,25
DA:8,25
DA:9,25
DA:13,0
LF:8
LH:7
BRDA:8,0,0,25
BRDA:8,0,1,0
BRF:2
BRH:1
end_of_record
TN:
SF:src/controllers/authentication.js
FN:14,(anonymous_0)
FN:38,(anonymous_1)
FN:73,(anonymous_2)
FN:98,(anonymous_3)
FNF:4
FNH:4
FNDA:5,(anonymous_0)
FNDA:6,(anonymous_1)
FNDA:4,(anonymous_2)
FNDA:5,(anonymous_3)
DA:1,5
DA:2,5
DA:3,5
DA:4,5
DA:14,5
DA:15,5
DA:16,5
DA:19,5
DA:20,5
DA:22,3
DA:27,2
DA:38,5
DA:39,6
DA:40,6
DA:41,6
DA:44,6
DA:45,6
DA:47,2
DA:52,4
DA:53,2
DA:58,2
DA:60,2
DA:73,5
DA:74,4
DA:76,4
DA:78,4
DA:79,4
DA:81,1
DA:82,1
DA:87,3
DA:98,5
DA:99,5
DA:101,5
DA:103,5
DA:104,5
DA:106,3
DA:111,2
DA:113,2
DA:114,2
DA:116,1
DA:121,1
DA:124,5
LF:42
LH:42
BRDA:52,0,0,2
BRDA:52,0,1,2
BRF:2
BRH:2
end_of_record
TN:
SF:src/controllers/bill.js
FN:13,(anonymous_0)
FN:46,(anonymous_1)
FN:75,(anonymous_2)
FN:103,(anonymous_3)
FNF:4
FNH:4
FNDA:5,(anonymous_0)
FNDA:3,(anonymous_1)
FNDA:3,(anonymous_2)
FNDA:2,(anonymous_3)
DA:1,5
DA:2,5
DA:3,5
DA:13,5
DA:14,5
DA:18,5
DA:22,5
DA:24,5
DA:25,1
DA:30,4
DA:31,4
DA:34,4
DA:35,4
DA:37,1
DA:39,1
DA:44,3
DA:45,3
DA:46,3
DA:55,1
DA:57,1
DA:62,2
DA:75,5
DA:76,3
DA:77,3
DA:78,3
DA:80,3
DA:81,3
DA:83,3
DA:85,3
DA:87,3
DA:89,3
DA:103,5
DA:104,2
DA:105,2
DA:108,2
DA:109,2
DA:111,0
DA:112,0
DA:115,2
DA:116,0
DA:119,2
DA:124,5
LF:42
LH:39
BRDA:24,0,0,1
BRDA:24,0,1,4
BRDA:24,1,0,5
BRDA:24,1,1,4
BRDA:24,1,2,4
BRDA:77,2,0,3
BRDA:77,2,1,2
BRDA:78,3,0,3
BRDA:78,3,1,2
BRDA:115,4,0,0
BRDA:115,4,1,2
BRF:11
BRH:10
end_of_record
TN:
SF:src/controllers/price.js
FN:13,(anonymous_0)
FN:27,(anonymous_1)
FN:60,(anonymous_2)
FNF:3
FNH:3
FNDA:2,(anonymous_0)
FNDA:4,(anonymous_1)
FNDA:7,(anonymous_2)
DA:1,5
DA:2,5
DA:3,5
DA:13,5
DA:14,2
DA:27,5
DA:28,4
DA:29,4
DA:32,4
DA:33,4
DA:35,1
DA:36,1
DA:41,3
DA:42,1
DA:47,2
DA:60,5
DA:61,7
DA:62,7
DA:63,7
DA:66,7
DA:67,7
DA:69,0
DA:70,0
DA:75,7
DA:76,3
DA:81,4
DA:83,4
DA:84,4
DA:87,4
DA:88,4
DA:89,3
DA:91,1
DA:97,3
DA:98,3
DA:100,1
DA:101,1
DA:106,2
DA:111,5
LF:38
LH:36
BRDA:41,0,0,1
BRDA:41,0,1,2
BRDA:75,1,0,3
BRDA:75,1,1,4
BRDA:83,2,0,4
BRDA:83,2,1,0
BRDA:87,3,0,4
BRDA:87,3,1,0
BRDA:88,4,0,3
BRDA:88,4,1,1
BRF:10
BRH:8
end_of_record
TN:
SF:src/controllers/product.js
FN:12,(anonymous_0)
FN:40,(anonymous_1)
FN:85,(anonymous_2)
FN:112,(anonymous_3)
FNF:4
FNH:4
FNDA:3,(anonymous_0)
FNDA:5,(anonymous_1)
FNDA:4,(anonymous_2)
FNDA:6,(anonymous_3)
DA:1,5
DA:2,5
DA:12,5
DA:13,3
DA:14,3
DA:15,3
DA:17,3
DA:18,3
DA:20,3
DA:22,3
DA:24,3
DA:26,3
DA:40,5
DA:41,5
DA:42,5
DA:43,5
DA:46,5
DA:47,5
DA:52,1
DA:58,4
DA:59,4
DA:66,2
DA:71,2
DA:85,5
DA:86,4
DA:87,4
DA:90,4
DA:91,4
DA:93,0
DA:94,0
DA:99,4
DA:112,5
DA:113,6
DA:114,6
DA:117,6
DA:118,6
DA:120,0
DA:121,0
DA:126,6
DA:127,2
DA:132,4
DA:134,4
DA:135,0
DA:138,4
DA:139,4
DA:140,2
DA:142,2
DA:148,2
DA:149,2
DA:151,0
DA:152,0
DA:157,2
DA:160,5
LF:53
LH:46
BRDA:14,0,0,3
BRDA:14,0,1,2
BRDA:15,1,0,3
BRDA:15,1,1,2
BRDA:126,2,0,2
BRDA:126,2,1,4
BRDA:134,3,0,0
BRDA:134,3,1,4
BRDA:138,4,0,4
BRDA:138,4,1,0
BRDA:139,5,0,2
BRDA:139,5,1,2
BRDA:139,6,0,4
BRDA:139,6,1,4
BRF:14
BRH:12
end_of_record
TN:
SF:src/enums/coinEnum.js
FNF:0
FNH:0
DA:1,13
DA:6,13
LF:2
LH:2
BRF:0
BRH:0
end_of_record
TN:
SF:src/middlewares/authorization.js
FN:12,(anonymous_0)
FNF:1
FNH:1
FNDA:35,(anonymous_0)
DA:1,5
DA:12,5
DA:13,35
DA:15,35
DA:16,9
DA:21,26
DA:23,26
DA:24,26
DA:25,25
DA:26,25
DA:28,1
DA:33,25
DA:36,5
LF:13
LH:13
BRDA:15,0,0,9
BRDA:15,0,1,26
BRDA:15,1,0,35
BRDA:15,1,1,27
BRDA:25,2,0,25
BRDA:25,2,1,8
BRF:6
BRH:6
end_of_record
TN:
SF:src/models/Bill.js
FN:68,(anonymous_0)
FNF:1
FNH:1
FNDA:2,(anonymous_0)
DA:1,7
DA:54,7
DA:69,2
DA:70,2
DA:72,2
DA:78,7
LF:6
LH:6
BRF:0
BRH:0
end_of_record
TN:
SF:src/models/PasswordReset.js
FNF:0
FNH:0
DA:1,8
DA:31,8
DA:47,8
LF:3
LH:3
BRF:0
BRH:0
end_of_record
TN:
SF:src/models/Price.js
FN:71,(anonymous_0)
FNF:1
FNH:1
FNDA:5,(anonymous_0)
DA:1,9
DA:2,9
DA:43,9
DA:72,5
DA:73,5
DA:75,5
DA:81,9
LF:7
LH:7
BRF:0
BRH:0
end_of_record
TN:
SF:src/models/Product.js
FN:62,(anonymous_0)
FNF:1
FNH:1
FNDA:5,(anonymous_0)
DA:1,9
DA:40,9
DA:63,5
DA:64,5
DA:66,5
DA:72,9
LF:6
LH:6
BRF:0
BRH:0
end_of_record
TN:
SF:src/models/Sale.js
FNF:0
FNH:0
DA:1,8
DA:2,8
DA:74,8
DA:109,8
LF:4
LH:4
BRF:0
BRH:0
end_of_record
TN:
SF:src/models/User.js
FN:57,(anonymous_0)
FN:66,(anonymous_1)
FNF:2
FNH:2
FNDA:3,(anonymous_0)
FNDA:2,(anonymous_1)
DA:1,9
DA:39,9
DA:58,3
DA:59,3
DA:60,3
DA:62,3
DA:67,2
DA:68,2
DA:74,9
LF:9
LH:9
BRF:0
BRH:0
end_of_record
TN:
SF:src/routes/authentication.js
FNF:0
FNH:0
DA:1,4
DA:2,4
DA:4,4
DA:51,4
DA:90,4
DA:129,4
DA:182,4
DA:184,4
LF:8
LH:8
BRF:0
BRH:0
end_of_record
TN:
SF:src/routes/bill.js
FNF:0
FNH:0
DA:1,4
DA:6,4
DA:8,4
DA:44,4
DA:83,4
DA:113,4
DA:115,4
LF:7
LH:7
BRF:0
BRH:0
end_of_record
TN:
SF:src/routes/index.js
FNF:0
FNH:0
DA:1,4
DA:2,4
DA:3,4
DA:5,4
DA:18,4
DA:19,4
DA:20,4
DA:21,4
DA:22,4
DA:24,4
LF:10
LH:10
BRF:0
BRH:0
end_of_record
TN:
SF:src/routes/price.js
FNF:0
FNH:0
DA:1,4
DA:6,4
DA:7,4
DA:9,4
DA:35,4
DA:65,4
DA:108,4
DA:110,4
LF:8
LH:8
BRF:0
BRH:0
end_of_record
TN:
SF:src/routes/product.js
FNF:0
FNH:0
DA:1,4
DA:2,4
DA:3,4
DA:5,4
DA:44,4
DA:92,4
DA:122,4
DA:162,4
DA:164,4
LF:9
LH:9
BRF:0
BRH:0
end_of_record
TN:
SF:src/services/AuthenticationService.js
FN:13,(anonymous_0)
FN:21,(anonymous_1)
FN:33,(anonymous_2)
FN:44,(anonymous_3)
FN:54,(anonymous_4)
FN:65,(anonymous_5)
FNF:6
FNH:6
FNDA:17,(anonymous_0)
FNDA:17,(anonymous_1)
FNDA:4,(anonymous_2)
FNDA:5,(anonymous_3)
FNDA:2,(anonymous_4)
FNDA:2,(anonymous_5)
DA:1,9
DA:2,9
DA:9,9
DA:10,9
DA:11,9
DA:14,17
DA:15,11
DA:18,17
DA:22,17
DA:34,4
DA:45,5
DA:55,2
DA:66,2
DA:76,9
LF:14
LH:14
BRDA:14,0,0,11
BRDA:14,0,1,6
BRF:2
BRH:2
end_of_record
TN:
SF:src/services/BillService.js
FN:11,(anonymous_0)
FN:19,(anonymous_1)
FN:29,(anonymous_2)
FN:42,(anonymous_3)
FN:51,(anonymous_4)
FN:62,(anonymous_5)
FNF:6
FNH:6
FNDA:14,(anonymous_0)
FNDA:19,(anonymous_1)
FNDA:2,(anonymous_2)
FNDA:4,(anonymous_3)
FNDA:3,(anonymous_4)
FNDA:2,(anonymous_5)
DA:1,6
DA:2,6
DA:3,6
DA:12,14
DA:13,11
DA:16,14
DA:20,19
DA:30,2
DA:43,4
DA:52,3
DA:63,2
DA:90,2
DA:92,2
DA:96,6
LF:14
LH:14
BRDA:12,0,0,11
BRDA:12,0,1,3
BRF:2
BRH:2
end_of_record
TN:
SF:src/services/EmailService.js
FN:15,(anonymous_0)
FN:26,(anonymous_1)
FN:34,(anonymous_2)
FN:47,(anonymous_3)
FN:62,(anonymous_4)
FN:73,(anonymous_5)
FNF:6
FNH:6
FNDA:8,(anonymous_0)
FNDA:10,(anonymous_1)
FNDA:13,(anonymous_2)
FNDA:4,(anonymous_3)
FNDA:3,(anonymous_4)
FNDA:4,(anonymous_5)
DA:1,6
DA:3,6
DA:4,6
DA:5,6
DA:16,8
DA:27,10
DA:28,8
DA:31,10
DA:35,13
DA:48,4
DA:63,3
DA:74,4
DA:75,4
DA:77,4
DA:79,4
DA:80,2
DA:83,2
DA:85,2
DA:87,2
DA:89,2
DA:93,6
LF:21
LH:21
BRDA:27,0,0,8
BRDA:27,0,1,2
BRDA:79,1,0,2
BRDA:79,1,1,2
BRF:4
BRH:4
end_of_record
TN:
SF:src/services/PasswordResetService.js
FN:13,(anonymous_0)
FN:21,(anonymous_1)
FN:25,(anonymous_2)
FN:32,(anonymous_3)
FN:41,(anonymous_4)
FN:65,(anonymous_5)
FNF:6
FNH:6
FNDA:18,(anonymous_0)
FNDA:33,(anonymous_1)
FNDA:3,(anonymous_2)
FNDA:7,(anonymous_3)
FNDA:6,(anonymous_4)
FNDA:4,(anonymous_5)
DA:1,7
DA:2,7
DA:3,7
DA:4,7
DA:11,7
DA:14,18
DA:15,14
DA:18,18
DA:22,33
DA:26,3
DA:33,7
DA:42,6
DA:44,6
DA:46,5
DA:47,0
DA:50,5
DA:52,5
DA:53,3
DA:56,2
DA:58,2
DA:59,1
DA:62,1
DA:66,4
DA:70,7
LF:24
LH:23
BRDA:14,0,0,14
BRDA:14,0,1,4
BRDA:46,1,0,0
BRDA:46,1,1,5
BRDA:52,2,0,3
BRDA:52,2,1,2
BRDA:58,3,0,1
BRDA:58,3,1,1
BRF:8
BRH:7
end_of_record
TN:
SF:src/services/PriceService.js
FN:9,(anonymous_0)
FN:17,(anonymous_1)
FN:27,(anonymous_2)
FN:38,(anonymous_3)
FN:48,(anonymous_4)
FNF:5
FNH:5
FNDA:16,(anonymous_0)
FNDA:15,(anonymous_1)
FNDA:4,(anonymous_2)
FNDA:5,(anonymous_3)
FNDA:3,(anonymous_4)
DA:1,7
DA:10,16
DA:11,10
DA:14,16
DA:18,15
DA:28,4
DA:39,5
DA:49,3
DA:53,7
LF:9
LH:9
BRDA:10,0,0,10
BRDA:10,0,1,6
BRF:2
BRH:2
end_of_record
TN:
SF:src/services/ProductService.js
FN:9,(anonymous_0)
FN:17,(anonymous_1)
FN:28,(anonymous_2)
FN:37,(anonymous_3)
FN:47,(anonymous_4)
FN:57,(anonymous_5)
FNF:6
FNH:6
FNDA:20,(anonymous_0)
FNDA:21,(anonymous_1)
FNDA:4,(anonymous_2)
FNDA:3,(anonymous_3)
FNDA:7,(anonymous_4)
FNDA:3,(anonymous_5)
DA:1,6
DA:10,20
DA:11,12
DA:14,20
DA:18,21
DA:29,4
DA:38,3
DA:48,7
DA:58,3
DA:62,6
LF:10
LH:10
BRDA:10,0,0,12
BRDA:10,0,1,8
BRF:2
BRH:2
end_of_record
TN:
SF:src/services/SaleService.js
FN:9,(anonymous_0)
FN:17,(anonymous_1)
FN:27,(anonymous_2)
FN:37,(anonymous_3)
FNF:4
FNH:4
FNDA:8,(anonymous_0)
FNDA:11,(anonymous_1)
FNDA:2,(anonymous_2)
FNDA:2,(anonymous_3)
DA:1,6
DA:10,8
DA:11,7
DA:14,8
DA:18,11
DA:28,2
DA:38,2
DA:42,6
LF:8
LH:8
BRDA:10,0,0,7
BRDA:10,0,1,1
BRF:2
BRH:2
end_of_record
TN:
SF:src/services/UserService.js
FN:11,(anonymous_0)
FN:19,(anonymous_1)
FN:23,(anonymous_2)
FN:37,(anonymous_3)
FN:46,(anonymous_4)
FN:56,(anonymous_5)
FNF:6
FNH:6
FNDA:26,(anonymous_0)
FNDA:49,(anonymous_1)
FNDA:4,(anonymous_2)
FNDA:17,(anonymous_3)
FNDA:11,(anonymous_4)
FNDA:1,(anonymous_5)
DA:1,8
DA:2,8
DA:3,8
DA:12,26
DA:13,16
DA:16,26
DA:20,49
DA:24,4
DA:26,4
DA:38,17
DA:47,11
DA:49,11
DA:50,3
DA:53,8
DA:57,1
DA:64,8
LF:16
LH:16
BRDA:12,0,0,16
BRDA:12,0,1,10
BRDA:49,1,0,3
BRDA:49,1,1,8
BRF:4
BRH:4
end_of_record
TN:
SF:src/utils/color.js
FN:2,(anonymous_0)
FN:3,(anonymous_1)
FNF:2
FNH:1
FNDA:0,(anonymous_0)
FNDA:2,(anonymous_1)
DA:1,25
DA:2,25
DA:3,25
LF:3
LH:3
BRF:0
BRH:0
end_of_record
TN:
SF:src/utils/date.js
FN:1,(anonymous_0)
FNF:1
FNH:1
FNDA:10,(anonymous_0)
DA:1,10
DA:3,8
LF:2
LH:2
BRF:0
BRH:0
end_of_record
TN:
SF:src/utils/random.js
FN:3,(anonymous_0)
FN:4,(anonymous_1)
FNF:2
FNH:2
FNDA:6,(anonymous_0)
FNDA:16,(anonymous_1)
DA:1,9
DA:3,9
DA:4,16
DA:9,9
LF:4
LH:4
BRDA:3,0,0,3
BRF:1
BRH:1
end_of_record
TN:
SF:src/utils/scripts/random.js
FNF:0
FNH:0
DA:6,0
DA:8,0
LF:2
LH:0
BRF:0
BRH:0
end_of_record
